DEPRECATION WARNING: ActiveRecord::Base.raise_in_transactional_callbacks= is deprecated, has no effect and will be removed without replacement. (called from require at /Users/Will/.rubies/ruby-2.2.5/lib/ruby/site_ruby/2.2.0/rubygems/core_ext/kernel_require.rb:55)
DEPRECATION WARNING: ActiveRecord::Base.raise_in_transactional_callbacks= is deprecated, has no effect and will be removed without replacement. (called from load at /Users/Will/.gem/ruby/2.2.5/bin/rake:23)
  [1m[35m (33.7ms)[0m  [1m[35mCREATE TABLE "schema_migrations" ("version" character varying PRIMARY KEY)[0m
  [1m[35m (4.1ms)[0m  [1m[35mCREATE TABLE "ar_internal_metadata" ("key" character varying PRIMARY KEY, "value" character varying, "created_at" timestamp NOT NULL, "updated_at" timestamp NOT NULL)[0m
  [1m[35m (1.5ms)[0m  [1m[34mSELECT pg_try_advisory_lock(5170893669298709835);[0m
  [1m[36mActiveRecord::SchemaMigration Load (0.6ms)[0m  [1m[34mSELECT "schema_migrations".* FROM "schema_migrations"[0m
Migrating to CreateGalleries (20170112194948)
  [1m[35m (0.2ms)[0m  [1m[35mBEGIN[0m
  [1m[35m (8.8ms)[0m  [1m[35mCREATE TABLE "galleries" ("id" serial primary key, "name" character varying NOT NULL, "city" character varying NOT NULL, "state" character varying NOT NULL, "zip" integer NOT NULL, "description" character varying, "created_at" timestamp NOT NULL, "updated_at" timestamp NOT NULL)[0m
  [1m[35mSQL (2.6ms)[0m  [1m[32mINSERT INTO "schema_migrations" ("version") VALUES ($1) RETURNING "version"[0m  [["version", "20170112194948"]]
  [1m[35m (1.0ms)[0m  [1m[35mCOMMIT[0m
  [1m[36mActiveRecord::InternalMetadata Load (0.9ms)[0m  [1m[34mSELECT  "ar_internal_metadata".* FROM "ar_internal_metadata" WHERE "ar_internal_metadata"."key" = $1 LIMIT $2[0m  [["key", :environment], ["LIMIT", 1]]
  [1m[35m (0.2ms)[0m  [1m[35mBEGIN[0m
  [1m[35mSQL (1.0ms)[0m  [1m[32mINSERT INTO "ar_internal_metadata" ("key", "value", "created_at", "updated_at") VALUES ($1, $2, $3, $4) RETURNING "key"[0m  [["key", "environment"], ["value", "development"], ["created_at", 2017-01-12 19:54:02 UTC], ["updated_at", 2017-01-12 19:54:02 UTC]]
  [1m[35m (0.4ms)[0m  [1m[35mCOMMIT[0m
  [1m[35m (0.3ms)[0m  [1m[34mSELECT pg_advisory_unlock(5170893669298709835)[0m
  [1m[36mActiveRecord::SchemaMigration Load (0.4ms)[0m  [1m[34mSELECT "schema_migrations".* FROM "schema_migrations"[0m
  [1m[35m (6.4ms)[0m  [1m[34mSELECT t2.oid::regclass::text AS to_table, a1.attname AS column, a2.attname AS primary_key, c.conname AS name, c.confupdtype AS on_update, c.confdeltype AS on_delete
FROM pg_constraint c
JOIN pg_class t1 ON c.conrelid = t1.oid
JOIN pg_class t2 ON c.confrelid = t2.oid
JOIN pg_attribute a1 ON a1.attnum = c.conkey[1] AND a1.attrelid = t1.oid
JOIN pg_attribute a2 ON a2.attnum = c.confkey[1] AND a2.attrelid = t2.oid
JOIN pg_namespace t3 ON c.connamespace = t3.oid
WHERE c.contype = 'f'
  AND t1.relname = 'galleries'
  AND t3.nspname = ANY (current_schemas(false))
ORDER BY c.conname
[0m
DEPRECATION WARNING: ActiveRecord::Base.raise_in_transactional_callbacks= is deprecated, has no effect and will be removed without replacement. (called from load at /Users/Will/.gem/ruby/2.2.5/bin/rake:23)
  [1m[36mActiveRecord::SchemaMigration Load (0.7ms)[0m  [1m[34mSELECT "schema_migrations".* FROM "schema_migrations"[0m
  [1m[35m (0.4ms)[0m  [1m[34mSELECT pg_try_advisory_lock(5170893669298709835);[0m
  [1m[36mActiveRecord::SchemaMigration Load (0.3ms)[0m  [1m[34mSELECT "schema_migrations".* FROM "schema_migrations"[0m
Migrating to CreateGalleries (20170112194948)
  [1m[35m (0.2ms)[0m  [1m[35mBEGIN[0m
  [1m[35m (4.1ms)[0m  [1m[35mDROP TABLE "galleries"[0m
  [1m[35mSQL (1.1ms)[0m  [1m[31mDELETE FROM "schema_migrations" WHERE "schema_migrations"."version" = $1[0m  [["version", "20170112194948"]]
  [1m[35m (2.0ms)[0m  [1m[35mCOMMIT[0m
  [1m[35m (0.4ms)[0m  [1m[34mSELECT pg_advisory_unlock(5170893669298709835)[0m
  [1m[36mActiveRecord::SchemaMigration Load (0.4ms)[0m  [1m[34mSELECT "schema_migrations".* FROM "schema_migrations"[0m
DEPRECATION WARNING: ActiveRecord::Base.raise_in_transactional_callbacks= is deprecated, has no effect and will be removed without replacement. (called from load at /Users/Will/.gem/ruby/2.2.5/bin/rake:23)
  [1m[35m (0.4ms)[0m  [1m[34mSELECT pg_try_advisory_lock(5170893669298709835);[0m
  [1m[36mActiveRecord::SchemaMigration Load (0.8ms)[0m  [1m[34mSELECT "schema_migrations".* FROM "schema_migrations"[0m
Migrating to CreateGalleries (20170112194948)
  [1m[35m (0.2ms)[0m  [1m[35mBEGIN[0m
  [1m[35m (7.0ms)[0m  [1m[35mCREATE TABLE "galleries" ("id" serial primary key, "name" character varying NOT NULL, "city" character varying NOT NULL, "state" character varying NOT NULL, "zip" integer NOT NULL, "description" character varying, "created_at" timestamp NOT NULL, "updated_at" timestamp NOT NULL)[0m
  [1m[35mSQL (0.5ms)[0m  [1m[32mINSERT INTO "schema_migrations" ("version") VALUES ($1) RETURNING "version"[0m  [["version", "20170112194948"]]
  [1m[35m (0.4ms)[0m  [1m[35mCOMMIT[0m
  [1m[36mActiveRecord::InternalMetadata Load (1.1ms)[0m  [1m[34mSELECT  "ar_internal_metadata".* FROM "ar_internal_metadata" WHERE "ar_internal_metadata"."key" = $1 LIMIT $2[0m  [["key", :environment], ["LIMIT", 1]]
  [1m[35m (1.2ms)[0m  [1m[35mBEGIN[0m
  [1m[35m (0.3ms)[0m  [1m[35mCOMMIT[0m
  [1m[35m (0.4ms)[0m  [1m[34mSELECT pg_advisory_unlock(5170893669298709835)[0m
  [1m[36mActiveRecord::SchemaMigration Load (0.4ms)[0m  [1m[34mSELECT "schema_migrations".* FROM "schema_migrations"[0m
  [1m[35m (5.9ms)[0m  [1m[34mSELECT t2.oid::regclass::text AS to_table, a1.attname AS column, a2.attname AS primary_key, c.conname AS name, c.confupdtype AS on_update, c.confdeltype AS on_delete
FROM pg_constraint c
JOIN pg_class t1 ON c.conrelid = t1.oid
JOIN pg_class t2 ON c.confrelid = t2.oid
JOIN pg_attribute a1 ON a1.attnum = c.conkey[1] AND a1.attrelid = t1.oid
JOIN pg_attribute a2 ON a2.attnum = c.confkey[1] AND a2.attrelid = t2.oid
JOIN pg_namespace t3 ON c.connamespace = t3.oid
WHERE c.contype = 'f'
  AND t1.relname = 'galleries'
  AND t3.nspname = ANY (current_schemas(false))
ORDER BY c.conname
[0m
DEPRECATION WARNING: ActiveRecord::Base.raise_in_transactional_callbacks= is deprecated, has no effect and will be removed without replacement. (called from load at /Users/Will/.gem/ruby/2.2.5/bin/rake:23)
  [1m[36mActiveRecord::SchemaMigration Load (1.2ms)[0m  [1m[34mSELECT "schema_migrations".* FROM "schema_migrations"[0m
  [1m[35m (0.3ms)[0m  [1m[34mSELECT pg_try_advisory_lock(5170893669298709835);[0m
  [1m[36mActiveRecord::SchemaMigration Load (0.2ms)[0m  [1m[34mSELECT "schema_migrations".* FROM "schema_migrations"[0m
Migrating to CreateGalleries (20170112194948)
  [1m[35m (0.2ms)[0m  [1m[35mBEGIN[0m
  [1m[35m (2.3ms)[0m  [1m[35mDROP TABLE "galleries"[0m
  [1m[35mSQL (1.0ms)[0m  [1m[31mDELETE FROM "schema_migrations" WHERE "schema_migrations"."version" = $1[0m  [["version", "20170112194948"]]
  [1m[35m (4.7ms)[0m  [1m[35mCOMMIT[0m
  [1m[35m (0.4ms)[0m  [1m[34mSELECT pg_advisory_unlock(5170893669298709835)[0m
  [1m[36mActiveRecord::SchemaMigration Load (0.2ms)[0m  [1m[34mSELECT "schema_migrations".* FROM "schema_migrations"[0m
DEPRECATION WARNING: ActiveRecord::Base.raise_in_transactional_callbacks= is deprecated, has no effect and will be removed without replacement. (called from load at /Users/Will/.gem/ruby/2.2.5/bin/rake:23)
  [1m[35m (0.3ms)[0m  [1m[34mSELECT pg_try_advisory_lock(5170893669298709835);[0m
  [1m[36mActiveRecord::SchemaMigration Load (0.6ms)[0m  [1m[34mSELECT "schema_migrations".* FROM "schema_migrations"[0m
Migrating to CreateGalleries (20170112194948)
  [1m[35m (0.2ms)[0m  [1m[35mBEGIN[0m
  [1m[35m (10.5ms)[0m  [1m[35mCREATE TABLE "galleries" ("id" serial primary key, "name" character varying NOT NULL, "city" character varying NOT NULL, "state" character varying NOT NULL, "zip" character varying NOT NULL, "description" character varying, "created_at" timestamp NOT NULL, "updated_at" timestamp NOT NULL)[0m
  [1m[35mSQL (1.0ms)[0m  [1m[32mINSERT INTO "schema_migrations" ("version") VALUES ($1) RETURNING "version"[0m  [["version", "20170112194948"]]
  [1m[35m (1.0ms)[0m  [1m[35mCOMMIT[0m
  [1m[36mActiveRecord::InternalMetadata Load (1.0ms)[0m  [1m[34mSELECT  "ar_internal_metadata".* FROM "ar_internal_metadata" WHERE "ar_internal_metadata"."key" = $1 LIMIT $2[0m  [["key", :environment], ["LIMIT", 1]]
  [1m[35m (0.4ms)[0m  [1m[35mBEGIN[0m
  [1m[35m (0.2ms)[0m  [1m[35mCOMMIT[0m
  [1m[35m (0.3ms)[0m  [1m[34mSELECT pg_advisory_unlock(5170893669298709835)[0m
  [1m[36mActiveRecord::SchemaMigration Load (0.3ms)[0m  [1m[34mSELECT "schema_migrations".* FROM "schema_migrations"[0m
  [1m[35m (4.3ms)[0m  [1m[34mSELECT t2.oid::regclass::text AS to_table, a1.attname AS column, a2.attname AS primary_key, c.conname AS name, c.confupdtype AS on_update, c.confdeltype AS on_delete
FROM pg_constraint c
JOIN pg_class t1 ON c.conrelid = t1.oid
JOIN pg_class t2 ON c.confrelid = t2.oid
JOIN pg_attribute a1 ON a1.attnum = c.conkey[1] AND a1.attrelid = t1.oid
JOIN pg_attribute a2 ON a2.attnum = c.confkey[1] AND a2.attrelid = t2.oid
JOIN pg_namespace t3 ON c.connamespace = t3.oid
WHERE c.contype = 'f'
  AND t1.relname = 'galleries'
  AND t3.nspname = ANY (current_schemas(false))
ORDER BY c.conname
[0m
DEPRECATION WARNING: ActiveRecord::Base.raise_in_transactional_callbacks= is deprecated, has no effect and will be removed without replacement. (called from load at /Users/Will/.gem/ruby/2.2.5/bin/rake:23)
  [1m[36mActiveRecord::SchemaMigration Load (0.7ms)[0m  [1m[34mSELECT "schema_migrations".* FROM "schema_migrations"[0m
  [1m[35m (0.3ms)[0m  [1m[34mSELECT pg_try_advisory_lock(5170893669298709835);[0m
  [1m[36mActiveRecord::SchemaMigration Load (0.3ms)[0m  [1m[34mSELECT "schema_migrations".* FROM "schema_migrations"[0m
Migrating to CreateGalleries (20170112194948)
  [1m[35m (0.2ms)[0m  [1m[35mBEGIN[0m
  [1m[35m (1.8ms)[0m  [1m[35mDROP TABLE "galleries"[0m
  [1m[35mSQL (0.9ms)[0m  [1m[31mDELETE FROM "schema_migrations" WHERE "schema_migrations"."version" = $1[0m  [["version", "20170112194948"]]
  [1m[35m (2.4ms)[0m  [1m[35mCOMMIT[0m
  [1m[35m (0.4ms)[0m  [1m[34mSELECT pg_advisory_unlock(5170893669298709835)[0m
  [1m[36mActiveRecord::SchemaMigration Load (0.7ms)[0m  [1m[34mSELECT "schema_migrations".* FROM "schema_migrations"[0m
DEPRECATION WARNING: ActiveRecord::Base.raise_in_transactional_callbacks= is deprecated, has no effect and will be removed without replacement. (called from load at /Users/Will/.gem/ruby/2.2.5/bin/rake:23)
  [1m[35m (0.3ms)[0m  [1m[34mSELECT pg_try_advisory_lock(5170893669298709835);[0m
  [1m[36mActiveRecord::SchemaMigration Load (0.6ms)[0m  [1m[34mSELECT "schema_migrations".* FROM "schema_migrations"[0m
Migrating to CreateGalleries (20170112194948)
  [1m[35m (0.2ms)[0m  [1m[35mBEGIN[0m
  [1m[35m (6.2ms)[0m  [1m[35mCREATE TABLE "galleries" ("id" serial primary key, "name" character varying NOT NULL, "city" character varying NOT NULL, "state" character varying NOT NULL, "zip" character varying NOT NULL, "description" character varying, "created_at" timestamp NOT NULL, "updated_at" timestamp NOT NULL)[0m
  [1m[35mSQL (0.5ms)[0m  [1m[32mINSERT INTO "schema_migrations" ("version") VALUES ($1) RETURNING "version"[0m  [["version", "20170112194948"]]
  [1m[35m (0.5ms)[0m  [1m[35mCOMMIT[0m
  [1m[36mActiveRecord::InternalMetadata Load (0.6ms)[0m  [1m[34mSELECT  "ar_internal_metadata".* FROM "ar_internal_metadata" WHERE "ar_internal_metadata"."key" = $1 LIMIT $2[0m  [["key", :environment], ["LIMIT", 1]]
  [1m[35m (0.3ms)[0m  [1m[35mBEGIN[0m
  [1m[35m (0.2ms)[0m  [1m[35mCOMMIT[0m
  [1m[35m (0.4ms)[0m  [1m[34mSELECT pg_advisory_unlock(5170893669298709835)[0m
  [1m[36mActiveRecord::SchemaMigration Load (0.4ms)[0m  [1m[34mSELECT "schema_migrations".* FROM "schema_migrations"[0m
  [1m[35m (6.8ms)[0m  [1m[34mSELECT t2.oid::regclass::text AS to_table, a1.attname AS column, a2.attname AS primary_key, c.conname AS name, c.confupdtype AS on_update, c.confdeltype AS on_delete
FROM pg_constraint c
JOIN pg_class t1 ON c.conrelid = t1.oid
JOIN pg_class t2 ON c.confrelid = t2.oid
JOIN pg_attribute a1 ON a1.attnum = c.conkey[1] AND a1.attrelid = t1.oid
JOIN pg_attribute a2 ON a2.attnum = c.confkey[1] AND a2.attrelid = t2.oid
JOIN pg_namespace t3 ON c.connamespace = t3.oid
WHERE c.contype = 'f'
  AND t1.relname = 'galleries'
  AND t3.nspname = ANY (current_schemas(false))
ORDER BY c.conname
[0m
Started GET "/" for ::1 at 2017-01-12 16:16:01 -0500
DEPRECATION WARNING: ActiveRecord::Base.raise_in_transactional_callbacks= is deprecated, has no effect and will be removed without replacement. (called from raise_in_transactional_callbacks= at /Users/Will/.gem/ruby/2.2.5/gems/activerecord-5.0.0/lib/active_record/transactions.rb:283)
  [1m[36mActiveRecord::SchemaMigration Load (0.8ms)[0m  [1m[34mSELECT "schema_migrations".* FROM "schema_migrations"[0m
Processing by Rails::WelcomeController#index as HTML
  Parameters: {"internal"=>true}
  Rendering /Users/Will/.gem/ruby/2.2.5/gems/railties-5.0.0/lib/rails/templates/rails/welcome/index.html.erb
  Rendered /Users/Will/.gem/ruby/2.2.5/gems/railties-5.0.0/lib/rails/templates/rails/welcome/index.html.erb (4.2ms)
Completed 200 OK in 24ms (Views: 10.5ms | ActiveRecord: 0.0ms)


Started GET "/" for ::1 at 2017-01-12 16:17:36 -0500
Processing by GalleriesController#index as HTML
  Rendering galleries/index.html.erb within layouts/application
  [1m[36mGallery Load (1.1ms)[0m  [1m[34mSELECT "galleries".* FROM "galleries"[0m
  Rendered galleries/index.html.erb within layouts/application (6.0ms)
Completed 200 OK in 505ms (Views: 494.8ms | ActiveRecord: 3.7ms)


Started GET "/assets/application.self-3b8dabdc891efe46b9a144b400ad69e37d7e5876bdc39dee783419a69d7ca819.js?body=1" for ::1 at 2017-01-12 16:17:37 -0500
Started GET "/assets/turbolinks.self-c5acd7a204f5f25ce7a1d8a0e4d92e28d34c9e2df2c7371cd7af88e147e4ad82.js?body=1" for ::1 at 2017-01-12 16:17:37 -0500
DEPRECATION WARNING: ActiveRecord::Base.raise_in_transactional_callbacks= is deprecated, has no effect and will be removed without replacement. (called from load at /Users/Will/.gem/ruby/2.2.5/bin/rake:23)
  [1m[36mActiveRecord::SchemaMigration Load (0.6ms)[0m  [1m[34mSELECT "schema_migrations".* FROM "schema_migrations"[0m
  [1m[35m (0.3ms)[0m  [1m[35mBEGIN[0m
  [1m[35mSQL (6.0ms)[0m  [1m[32mINSERT INTO "galleries" ("name", "city", "state", "zip", "created_at", "updated_at") VALUES ($1, $2, $3, $4, $5, $6) RETURNING "id"[0m  [["name", "Chicago Art House"], ["city", "Chicago"], ["state", "IL"], ["zip", "66666"], ["created_at", 2017-01-12 21:22:20 UTC], ["updated_at", 2017-01-12 21:22:20 UTC]]
  [1m[35m (0.9ms)[0m  [1m[35mCOMMIT[0m
  [1m[35m (0.1ms)[0m  [1m[35mBEGIN[0m
  [1m[35mSQL (0.6ms)[0m  [1m[32mINSERT INTO "galleries" ("name", "city", "state", "zip", "created_at", "updated_at") VALUES ($1, $2, $3, $4, $5, $6) RETURNING "id"[0m  [["name", "Sooz"], ["city", "Juneau"], ["state", "AK"], ["zip", "99999"], ["created_at", 2017-01-12 21:22:20 UTC], ["updated_at", 2017-01-12 21:22:20 UTC]]
  [1m[35m (0.3ms)[0m  [1m[35mCOMMIT[0m
  [1m[35m (0.2ms)[0m  [1m[35mBEGIN[0m
  [1m[35mSQL (0.4ms)[0m  [1m[32mINSERT INTO "galleries" ("name", "city", "state", "zip", "description", "created_at", "updated_at") VALUES ($1, $2, $3, $4, $5, $6, $7) RETURNING "id"[0m  [["name", "Jon's Art Galery"], ["city", "Allston"], ["state", "MA"], ["zip", "02446"], ["description", "the whackest gallery this side of the Chicago Art House"], ["created_at", 2017-01-12 21:22:20 UTC], ["updated_at", 2017-01-12 21:22:20 UTC]]
  [1m[35m (0.3ms)[0m  [1m[35mCOMMIT[0m
Started GET "/" for ::1 at 2017-01-12 16:22:38 -0500
DEPRECATION WARNING: ActiveRecord::Base.raise_in_transactional_callbacks= is deprecated, has no effect and will be removed without replacement. (called from raise_in_transactional_callbacks= at /Users/Will/.gem/ruby/2.2.5/gems/activerecord-5.0.0/lib/active_record/transactions.rb:283)
  [1m[36mActiveRecord::SchemaMigration Load (0.9ms)[0m  [1m[34mSELECT "schema_migrations".* FROM "schema_migrations"[0m
Processing by GalleriesController#index as HTML
  Rendering galleries/index.html.erb within layouts/application
  [1m[36mGallery Load (0.7ms)[0m  [1m[34mSELECT "galleries".* FROM "galleries"[0m
  Rendered galleries/index.html.erb within layouts/application (27.8ms)
Completed 200 OK in 320ms (Views: 294.0ms | ActiveRecord: 7.1ms)


Started GET "/" for ::1 at 2017-01-12 16:34:16 -0500
Processing by GalleriesController#index as HTML
  Rendering galleries/index.html.erb within layouts/application
  [1m[36mGallery Load (1.2ms)[0m  [1m[34mSELECT "galleries".* FROM "galleries"[0m
  Rendered galleries/index.html.erb within layouts/application (41.8ms)
Completed 200 OK in 106ms (Views: 80.3ms | ActiveRecord: 9.5ms)


Started GET "/galleries/1" for ::1 at 2017-01-12 16:34:17 -0500
  
AbstractController::ActionNotFound (The action 'show' could not be found for GalleriesController):
  
actionpack (5.0.0) lib/abstract_controller/base.rb:121:in `process'
actionview (5.0.0) lib/action_view/rendering.rb:30:in `process'
actionpack (5.0.0) lib/action_controller/metal.rb:190:in `dispatch'
actionpack (5.0.0) lib/action_controller/metal.rb:262:in `dispatch'
actionpack (5.0.0) lib/action_dispatch/routing/route_set.rb:50:in `dispatch'
actionpack (5.0.0) lib/action_dispatch/routing/route_set.rb:32:in `serve'
actionpack (5.0.0) lib/action_dispatch/journey/router.rb:39:in `block in serve'
actionpack (5.0.0) lib/action_dispatch/journey/router.rb:26:in `each'
actionpack (5.0.0) lib/action_dispatch/journey/router.rb:26:in `serve'
actionpack (5.0.0) lib/action_dispatch/routing/route_set.rb:725:in `call'
rack (2.0.1) lib/rack/etag.rb:25:in `call'
rack (2.0.1) lib/rack/conditional_get.rb:25:in `call'
rack (2.0.1) lib/rack/head.rb:12:in `call'
rack (2.0.1) lib/rack/session/abstract/id.rb:222:in `context'
rack (2.0.1) lib/rack/session/abstract/id.rb:216:in `call'
actionpack (5.0.0) lib/action_dispatch/middleware/cookies.rb:613:in `call'
activerecord (5.0.0) lib/active_record/migration.rb:552:in `call'
actionpack (5.0.0) lib/action_dispatch/middleware/callbacks.rb:38:in `block in call'
activesupport (5.0.0) lib/active_support/callbacks.rb:97:in `__run_callbacks__'
activesupport (5.0.0) lib/active_support/callbacks.rb:750:in `_run_call_callbacks'
activesupport (5.0.0) lib/active_support/callbacks.rb:90:in `run_callbacks'
actionpack (5.0.0) lib/action_dispatch/middleware/callbacks.rb:36:in `call'
actionpack (5.0.0) lib/action_dispatch/middleware/executor.rb:12:in `call'
actionpack (5.0.0) lib/action_dispatch/middleware/remote_ip.rb:79:in `call'
actionpack (5.0.0) lib/action_dispatch/middleware/debug_exceptions.rb:49:in `call'
web-console (2.3.0) lib/web_console/middleware.rb:28:in `block in call'
web-console (2.3.0) lib/web_console/middleware.rb:18:in `catch'
web-console (2.3.0) lib/web_console/middleware.rb:18:in `call'
actionpack (5.0.0) lib/action_dispatch/middleware/show_exceptions.rb:31:in `call'
railties (5.0.0) lib/rails/rack/logger.rb:36:in `call_app'
railties (5.0.0) lib/rails/rack/logger.rb:24:in `block in call'
activesupport (5.0.0) lib/active_support/tagged_logging.rb:70:in `block in tagged'
activesupport (5.0.0) lib/active_support/tagged_logging.rb:26:in `tagged'
activesupport (5.0.0) lib/active_support/tagged_logging.rb:70:in `tagged'
railties (5.0.0) lib/rails/rack/logger.rb:24:in `call'
actionpack (5.0.0) lib/action_dispatch/middleware/request_id.rb:24:in `call'
rack (2.0.1) lib/rack/method_override.rb:22:in `call'
rack (2.0.1) lib/rack/runtime.rb:22:in `call'
activesupport (5.0.0) lib/active_support/cache/strategy/local_cache_middleware.rb:28:in `call'
actionpack (5.0.0) lib/action_dispatch/middleware/executor.rb:12:in `call'
actionpack (5.0.0) lib/action_dispatch/middleware/static.rb:136:in `call'
rack (2.0.1) lib/rack/sendfile.rb:111:in `call'
railties (5.0.0) lib/rails/engine.rb:522:in `call'
rack (2.0.1) lib/rack/handler/webrick.rb:86:in `service'
/Users/Will/.rubies/ruby-2.2.5/lib/ruby/2.2.0/webrick/httpserver.rb:138:in `service'
/Users/Will/.rubies/ruby-2.2.5/lib/ruby/2.2.0/webrick/httpserver.rb:94:in `run'
/Users/Will/.rubies/ruby-2.2.5/lib/ruby/2.2.0/webrick/server.rb:294:in `block in start_thread'
  Rendering /Users/Will/.gem/ruby/2.2.5/gems/actionpack-5.0.0/lib/action_dispatch/middleware/templates/rescues/unknown_action.html.erb within rescues/layout
  Rendered /Users/Will/.gem/ruby/2.2.5/gems/actionpack-5.0.0/lib/action_dispatch/middleware/templates/rescues/unknown_action.html.erb within rescues/layout (0.5ms)
DEPRECATION WARNING: Accessing mime types via constants is deprecated. Please change `Mime::HTML` to `Mime[:html]`. (called from const_missing at /Users/Will/.gem/ruby/2.2.5/gems/actionpack-5.0.0/lib/action_dispatch/http/mime_type.rb:52)
  Rendering /Users/Will/.gem/ruby/2.2.5/gems/web-console-2.3.0/lib/web_console/templates/index.html.erb
  Rendered /Users/Will/.gem/ruby/2.2.5/gems/web-console-2.3.0/lib/web_console/templates/_markup.html.erb (0.7ms)
  Rendering /Users/Will/.gem/ruby/2.2.5/gems/web-console-2.3.0/lib/web_console/templates/console.js.erb within layouts/javascript
  Rendering /Users/Will/.gem/ruby/2.2.5/gems/web-console-2.3.0/lib/web_console/templates/_inner_console_markup.html.erb within layouts/inlined_string
  Rendered /Users/Will/.gem/ruby/2.2.5/gems/web-console-2.3.0/lib/web_console/templates/_inner_console_markup.html.erb within layouts/inlined_string (0.6ms)
  Rendering /Users/Will/.gem/ruby/2.2.5/gems/web-console-2.3.0/lib/web_console/templates/_prompt_box_markup.html.erb within layouts/inlined_string
  Rendered /Users/Will/.gem/ruby/2.2.5/gems/web-console-2.3.0/lib/web_console/templates/_prompt_box_markup.html.erb within layouts/inlined_string (0.4ms)
  Rendering /Users/Will/.gem/ruby/2.2.5/gems/web-console-2.3.0/lib/web_console/templates/style.css.erb within layouts/inlined_string
  Rendered /Users/Will/.gem/ruby/2.2.5/gems/web-console-2.3.0/lib/web_console/templates/style.css.erb within layouts/inlined_string (0.7ms)
DEPRECATION WARNING: Accessing mime types via constants is deprecated. Please change `Mime::WEB_CONSOLE_V2` to `Mime[:web_console_v2]`. (called from const_missing at /Users/Will/.gem/ruby/2.2.5/gems/actionpack-5.0.0/lib/action_dispatch/http/mime_type.rb:52)
  Rendered /Users/Will/.gem/ruby/2.2.5/gems/web-console-2.3.0/lib/web_console/templates/console.js.erb within layouts/javascript (89.6ms)
  Rendering /Users/Will/.gem/ruby/2.2.5/gems/web-console-2.3.0/lib/web_console/templates/main.js.erb within layouts/javascript
  Rendered /Users/Will/.gem/ruby/2.2.5/gems/web-console-2.3.0/lib/web_console/templates/main.js.erb within layouts/javascript (0.4ms)
  Rendering /Users/Will/.gem/ruby/2.2.5/gems/web-console-2.3.0/lib/web_console/templates/error_page.js.erb within layouts/javascript
  Rendered /Users/Will/.gem/ruby/2.2.5/gems/web-console-2.3.0/lib/web_console/templates/error_page.js.erb within layouts/javascript (0.9ms)
  Rendered /Users/Will/.gem/ruby/2.2.5/gems/web-console-2.3.0/lib/web_console/templates/index.html.erb (185.4ms)
Started GET "/galleries/new" for ::1 at 2017-01-12 16:34:22 -0500
  
AbstractController::ActionNotFound (The action 'new' could not be found for GalleriesController):
  
actionpack (5.0.0) lib/abstract_controller/base.rb:121:in `process'
actionview (5.0.0) lib/action_view/rendering.rb:30:in `process'
actionpack (5.0.0) lib/action_controller/metal.rb:190:in `dispatch'
actionpack (5.0.0) lib/action_controller/metal.rb:262:in `dispatch'
actionpack (5.0.0) lib/action_dispatch/routing/route_set.rb:50:in `dispatch'
actionpack (5.0.0) lib/action_dispatch/routing/route_set.rb:32:in `serve'
actionpack (5.0.0) lib/action_dispatch/journey/router.rb:39:in `block in serve'
actionpack (5.0.0) lib/action_dispatch/journey/router.rb:26:in `each'
actionpack (5.0.0) lib/action_dispatch/journey/router.rb:26:in `serve'
actionpack (5.0.0) lib/action_dispatch/routing/route_set.rb:725:in `call'
rack (2.0.1) lib/rack/etag.rb:25:in `call'
rack (2.0.1) lib/rack/conditional_get.rb:25:in `call'
rack (2.0.1) lib/rack/head.rb:12:in `call'
rack (2.0.1) lib/rack/session/abstract/id.rb:222:in `context'
rack (2.0.1) lib/rack/session/abstract/id.rb:216:in `call'
actionpack (5.0.0) lib/action_dispatch/middleware/cookies.rb:613:in `call'
activerecord (5.0.0) lib/active_record/migration.rb:552:in `call'
actionpack (5.0.0) lib/action_dispatch/middleware/callbacks.rb:38:in `block in call'
activesupport (5.0.0) lib/active_support/callbacks.rb:97:in `__run_callbacks__'
activesupport (5.0.0) lib/active_support/callbacks.rb:750:in `_run_call_callbacks'
activesupport (5.0.0) lib/active_support/callbacks.rb:90:in `run_callbacks'
actionpack (5.0.0) lib/action_dispatch/middleware/callbacks.rb:36:in `call'
actionpack (5.0.0) lib/action_dispatch/middleware/executor.rb:12:in `call'
actionpack (5.0.0) lib/action_dispatch/middleware/remote_ip.rb:79:in `call'
actionpack (5.0.0) lib/action_dispatch/middleware/debug_exceptions.rb:49:in `call'
web-console (2.3.0) lib/web_console/middleware.rb:28:in `block in call'
web-console (2.3.0) lib/web_console/middleware.rb:18:in `catch'
web-console (2.3.0) lib/web_console/middleware.rb:18:in `call'
actionpack (5.0.0) lib/action_dispatch/middleware/show_exceptions.rb:31:in `call'
railties (5.0.0) lib/rails/rack/logger.rb:36:in `call_app'
railties (5.0.0) lib/rails/rack/logger.rb:24:in `block in call'
activesupport (5.0.0) lib/active_support/tagged_logging.rb:70:in `block in tagged'
activesupport (5.0.0) lib/active_support/tagged_logging.rb:26:in `tagged'
activesupport (5.0.0) lib/active_support/tagged_logging.rb:70:in `tagged'
railties (5.0.0) lib/rails/rack/logger.rb:24:in `call'
actionpack (5.0.0) lib/action_dispatch/middleware/request_id.rb:24:in `call'
rack (2.0.1) lib/rack/method_override.rb:22:in `call'
rack (2.0.1) lib/rack/runtime.rb:22:in `call'
activesupport (5.0.0) lib/active_support/cache/strategy/local_cache_middleware.rb:28:in `call'
actionpack (5.0.0) lib/action_dispatch/middleware/executor.rb:12:in `call'
actionpack (5.0.0) lib/action_dispatch/middleware/static.rb:136:in `call'
rack (2.0.1) lib/rack/sendfile.rb:111:in `call'
railties (5.0.0) lib/rails/engine.rb:522:in `call'
rack (2.0.1) lib/rack/handler/webrick.rb:86:in `service'
/Users/Will/.rubies/ruby-2.2.5/lib/ruby/2.2.0/webrick/httpserver.rb:138:in `service'
/Users/Will/.rubies/ruby-2.2.5/lib/ruby/2.2.0/webrick/httpserver.rb:94:in `run'
/Users/Will/.rubies/ruby-2.2.5/lib/ruby/2.2.0/webrick/server.rb:294:in `block in start_thread'
  Rendering /Users/Will/.gem/ruby/2.2.5/gems/actionpack-5.0.0/lib/action_dispatch/middleware/templates/rescues/unknown_action.html.erb within rescues/layout
  Rendered /Users/Will/.gem/ruby/2.2.5/gems/actionpack-5.0.0/lib/action_dispatch/middleware/templates/rescues/unknown_action.html.erb within rescues/layout (0.7ms)
DEPRECATION WARNING: Accessing mime types via constants is deprecated. Please change `Mime::HTML` to `Mime[:html]`. (called from const_missing at /Users/Will/.gem/ruby/2.2.5/gems/actionpack-5.0.0/lib/action_dispatch/http/mime_type.rb:52)
  Rendering /Users/Will/.gem/ruby/2.2.5/gems/web-console-2.3.0/lib/web_console/templates/index.html.erb
  Rendered /Users/Will/.gem/ruby/2.2.5/gems/web-console-2.3.0/lib/web_console/templates/_markup.html.erb (1.4ms)
  Rendering /Users/Will/.gem/ruby/2.2.5/gems/web-console-2.3.0/lib/web_console/templates/console.js.erb within layouts/javascript
  Rendering /Users/Will/.gem/ruby/2.2.5/gems/web-console-2.3.0/lib/web_console/templates/_inner_console_markup.html.erb within layouts/inlined_string
  Rendered /Users/Will/.gem/ruby/2.2.5/gems/web-console-2.3.0/lib/web_console/templates/_inner_console_markup.html.erb within layouts/inlined_string (0.8ms)
  Rendering /Users/Will/.gem/ruby/2.2.5/gems/web-console-2.3.0/lib/web_console/templates/_prompt_box_markup.html.erb within layouts/inlined_string
  Rendered /Users/Will/.gem/ruby/2.2.5/gems/web-console-2.3.0/lib/web_console/templates/_prompt_box_markup.html.erb within layouts/inlined_string (1.7ms)
  Rendering /Users/Will/.gem/ruby/2.2.5/gems/web-console-2.3.0/lib/web_console/templates/style.css.erb within layouts/inlined_string
  Rendered /Users/Will/.gem/ruby/2.2.5/gems/web-console-2.3.0/lib/web_console/templates/style.css.erb within layouts/inlined_string (0.5ms)
DEPRECATION WARNING: Accessing mime types via constants is deprecated. Please change `Mime::WEB_CONSOLE_V2` to `Mime[:web_console_v2]`. (called from const_missing at /Users/Will/.gem/ruby/2.2.5/gems/actionpack-5.0.0/lib/action_dispatch/http/mime_type.rb:52)
  Rendered /Users/Will/.gem/ruby/2.2.5/gems/web-console-2.3.0/lib/web_console/templates/console.js.erb within layouts/javascript (70.0ms)
  Rendering /Users/Will/.gem/ruby/2.2.5/gems/web-console-2.3.0/lib/web_console/templates/main.js.erb within layouts/javascript
  Rendered /Users/Will/.gem/ruby/2.2.5/gems/web-console-2.3.0/lib/web_console/templates/main.js.erb within layouts/javascript (0.4ms)
  Rendering /Users/Will/.gem/ruby/2.2.5/gems/web-console-2.3.0/lib/web_console/templates/error_page.js.erb within layouts/javascript
  Rendered /Users/Will/.gem/ruby/2.2.5/gems/web-console-2.3.0/lib/web_console/templates/error_page.js.erb within layouts/javascript (0.5ms)
  Rendered /Users/Will/.gem/ruby/2.2.5/gems/web-console-2.3.0/lib/web_console/templates/index.html.erb (158.9ms)
Started GET "/galleries" for ::1 at 2017-01-12 16:34:26 -0500
Processing by GalleriesController#index as HTML
  Rendering galleries/index.html.erb within layouts/application
  [1m[36mGallery Load (0.5ms)[0m  [1m[34mSELECT "galleries".* FROM "galleries"[0m
  Rendered galleries/index.html.erb within layouts/application (3.2ms)
Completed 200 OK in 34ms (Views: 30.5ms | ActiveRecord: 0.5ms)


Started GET "/galleries/new" for ::1 at 2017-01-12 16:35:50 -0500
Processing by GalleriesController#new as HTML
  Rendering galleries/new.html.erb within layouts/application
  Rendered galleries/_form.html.erb (24.2ms)
  Rendered galleries/new.html.erb within layouts/application (26.3ms)
Completed 200 OK in 64ms (Views: 43.2ms | ActiveRecord: 6.3ms)


Started GET "/galleries/new" for ::1 at 2017-01-12 16:36:00 -0500
Processing by GalleriesController#new as HTML
  Rendering galleries/new.html.erb within layouts/application
  Rendered galleries/new.html.erb within layouts/application (4.8ms)
Completed 500 Internal Server Error in 11ms (ActiveRecord: 0.0ms)


  
ActionView::Template::Error (Missing partial galleries/__form, application/__form with {:locale=>[:en], :formats=>[:html], :variants=>[], :handlers=>[:raw, :erb, :html, :builder, :ruby, :coffee, :jbuilder]}. Searched in:
  * "/Users/Will/challenges/rails-marathon/app/views"
):
    1: <h1> New Gallery </h1>
    2: <%= render '_form' %>
  
app/views/galleries/new.html.erb:2:in `_app_views_galleries_new_html_erb__99138632288481297_70132160554780'
  Rendering /Users/Will/.gem/ruby/2.2.5/gems/actionpack-5.0.0/lib/action_dispatch/middleware/templates/rescues/template_error.html.erb within rescues/layout
  Rendering /Users/Will/.gem/ruby/2.2.5/gems/actionpack-5.0.0/lib/action_dispatch/middleware/templates/rescues/_source.html.erb
  Rendered /Users/Will/.gem/ruby/2.2.5/gems/actionpack-5.0.0/lib/action_dispatch/middleware/templates/rescues/_source.html.erb (7.4ms)
  Rendering /Users/Will/.gem/ruby/2.2.5/gems/actionpack-5.0.0/lib/action_dispatch/middleware/templates/rescues/_trace.html.erb
  Rendered /Users/Will/.gem/ruby/2.2.5/gems/actionpack-5.0.0/lib/action_dispatch/middleware/templates/rescues/_trace.html.erb (3.6ms)
  Rendering /Users/Will/.gem/ruby/2.2.5/gems/actionpack-5.0.0/lib/action_dispatch/middleware/templates/rescues/_request_and_response.html.erb
  Rendered /Users/Will/.gem/ruby/2.2.5/gems/actionpack-5.0.0/lib/action_dispatch/middleware/templates/rescues/_request_and_response.html.erb (0.9ms)
  Rendered /Users/Will/.gem/ruby/2.2.5/gems/actionpack-5.0.0/lib/action_dispatch/middleware/templates/rescues/template_error.html.erb within rescues/layout (86.6ms)
DEPRECATION WARNING: #original_exception is deprecated. Use #cause instead. (called from block in render_exception_with_web_console at /Users/Will/.gem/ruby/2.2.5/gems/web-console-2.3.0/lib/web_console/extensions.rb:16)
DEPRECATION WARNING: Accessing mime types via constants is deprecated. Please change `Mime::HTML` to `Mime[:html]`. (called from const_missing at /Users/Will/.gem/ruby/2.2.5/gems/actionpack-5.0.0/lib/action_dispatch/http/mime_type.rb:52)
  Rendering /Users/Will/.gem/ruby/2.2.5/gems/web-console-2.3.0/lib/web_console/templates/index.html.erb
  Rendered /Users/Will/.gem/ruby/2.2.5/gems/web-console-2.3.0/lib/web_console/templates/_markup.html.erb (0.6ms)
  Rendering /Users/Will/.gem/ruby/2.2.5/gems/web-console-2.3.0/lib/web_console/templates/console.js.erb within layouts/javascript
  Rendering /Users/Will/.gem/ruby/2.2.5/gems/web-console-2.3.0/lib/web_console/templates/_inner_console_markup.html.erb within layouts/inlined_string
  Rendered /Users/Will/.gem/ruby/2.2.5/gems/web-console-2.3.0/lib/web_console/templates/_inner_console_markup.html.erb within layouts/inlined_string (0.6ms)
  Rendering /Users/Will/.gem/ruby/2.2.5/gems/web-console-2.3.0/lib/web_console/templates/_prompt_box_markup.html.erb within layouts/inlined_string
  Rendered /Users/Will/.gem/ruby/2.2.5/gems/web-console-2.3.0/lib/web_console/templates/_prompt_box_markup.html.erb within layouts/inlined_string (0.4ms)
  Rendering /Users/Will/.gem/ruby/2.2.5/gems/web-console-2.3.0/lib/web_console/templates/style.css.erb within layouts/inlined_string
  Rendered /Users/Will/.gem/ruby/2.2.5/gems/web-console-2.3.0/lib/web_console/templates/style.css.erb within layouts/inlined_string (0.6ms)
DEPRECATION WARNING: Accessing mime types via constants is deprecated. Please change `Mime::WEB_CONSOLE_V2` to `Mime[:web_console_v2]`. (called from const_missing at /Users/Will/.gem/ruby/2.2.5/gems/actionpack-5.0.0/lib/action_dispatch/http/mime_type.rb:52)
  Rendered /Users/Will/.gem/ruby/2.2.5/gems/web-console-2.3.0/lib/web_console/templates/console.js.erb within layouts/javascript (70.2ms)
  Rendering /Users/Will/.gem/ruby/2.2.5/gems/web-console-2.3.0/lib/web_console/templates/main.js.erb within layouts/javascript
  Rendered /Users/Will/.gem/ruby/2.2.5/gems/web-console-2.3.0/lib/web_console/templates/main.js.erb within layouts/javascript (0.4ms)
  Rendering /Users/Will/.gem/ruby/2.2.5/gems/web-console-2.3.0/lib/web_console/templates/error_page.js.erb within layouts/javascript
  Rendered /Users/Will/.gem/ruby/2.2.5/gems/web-console-2.3.0/lib/web_console/templates/error_page.js.erb within layouts/javascript (0.6ms)
  Rendered /Users/Will/.gem/ruby/2.2.5/gems/web-console-2.3.0/lib/web_console/templates/index.html.erb (151.0ms)
Started GET "/galleries/new" for ::1 at 2017-01-12 16:36:27 -0500
Processing by GalleriesController#new as HTML
  Rendering galleries/new.html.erb within layouts/application
  Rendered galleries/_form.html.erb (3.3ms)
  Rendered galleries/new.html.erb within layouts/application (4.8ms)
Completed 200 OK in 24ms (Views: 21.1ms | ActiveRecord: 0.0ms)


Started GET "/galleries/new" for ::1 at 2017-01-12 16:36:57 -0500
Processing by GalleriesController#new as HTML
  Rendering galleries/new.html.erb within layouts/application
  Rendered galleries/_form.html.erb (17.0ms)
  Rendered galleries/new.html.erb within layouts/application (19.4ms)
Completed 200 OK in 79ms (Views: 52.7ms | ActiveRecord: 7.3ms)


Started GET "/galleries/new" for ::1 at 2017-01-12 16:38:54 -0500
Processing by GalleriesController#new as HTML
  Rendering galleries/new.html.erb within layouts/application
  Rendered galleries/_form.html.erb (2.6ms)
  Rendered galleries/new.html.erb within layouts/application (4.6ms)
Completed 200 OK in 24ms (Views: 20.4ms | ActiveRecord: 0.0ms)


Started GET "/galleries" for ::1 at 2017-01-12 16:38:56 -0500
Processing by GalleriesController#index as HTML
  Rendering galleries/index.html.erb within layouts/application
  [1m[36mGallery Load (1.5ms)[0m  [1m[34mSELECT "galleries".* FROM "galleries"[0m
  Rendered galleries/index.html.erb within layouts/application (17.2ms)
Completed 200 OK in 46ms (Views: 38.3ms | ActiveRecord: 1.5ms)


Started GET "/galleries/1" for ::1 at 2017-01-12 16:38:58 -0500
  
AbstractController::ActionNotFound (The action 'show' could not be found for GalleriesController):
  
actionpack (5.0.0) lib/abstract_controller/base.rb:121:in `process'
actionview (5.0.0) lib/action_view/rendering.rb:30:in `process'
actionpack (5.0.0) lib/action_controller/metal.rb:190:in `dispatch'
actionpack (5.0.0) lib/action_controller/metal.rb:262:in `dispatch'
actionpack (5.0.0) lib/action_dispatch/routing/route_set.rb:50:in `dispatch'
actionpack (5.0.0) lib/action_dispatch/routing/route_set.rb:32:in `serve'
actionpack (5.0.0) lib/action_dispatch/journey/router.rb:39:in `block in serve'
actionpack (5.0.0) lib/action_dispatch/journey/router.rb:26:in `each'
actionpack (5.0.0) lib/action_dispatch/journey/router.rb:26:in `serve'
actionpack (5.0.0) lib/action_dispatch/routing/route_set.rb:725:in `call'
rack (2.0.1) lib/rack/etag.rb:25:in `call'
rack (2.0.1) lib/rack/conditional_get.rb:25:in `call'
rack (2.0.1) lib/rack/head.rb:12:in `call'
rack (2.0.1) lib/rack/session/abstract/id.rb:222:in `context'
rack (2.0.1) lib/rack/session/abstract/id.rb:216:in `call'
actionpack (5.0.0) lib/action_dispatch/middleware/cookies.rb:613:in `call'
activerecord (5.0.0) lib/active_record/migration.rb:552:in `call'
actionpack (5.0.0) lib/action_dispatch/middleware/callbacks.rb:38:in `block in call'
activesupport (5.0.0) lib/active_support/callbacks.rb:97:in `__run_callbacks__'
activesupport (5.0.0) lib/active_support/callbacks.rb:750:in `_run_call_callbacks'
activesupport (5.0.0) lib/active_support/callbacks.rb:90:in `run_callbacks'
actionpack (5.0.0) lib/action_dispatch/middleware/callbacks.rb:36:in `call'
actionpack (5.0.0) lib/action_dispatch/middleware/executor.rb:12:in `call'
actionpack (5.0.0) lib/action_dispatch/middleware/remote_ip.rb:79:in `call'
actionpack (5.0.0) lib/action_dispatch/middleware/debug_exceptions.rb:49:in `call'
web-console (2.3.0) lib/web_console/middleware.rb:28:in `block in call'
web-console (2.3.0) lib/web_console/middleware.rb:18:in `catch'
web-console (2.3.0) lib/web_console/middleware.rb:18:in `call'
actionpack (5.0.0) lib/action_dispatch/middleware/show_exceptions.rb:31:in `call'
railties (5.0.0) lib/rails/rack/logger.rb:36:in `call_app'
railties (5.0.0) lib/rails/rack/logger.rb:24:in `block in call'
activesupport (5.0.0) lib/active_support/tagged_logging.rb:70:in `block in tagged'
activesupport (5.0.0) lib/active_support/tagged_logging.rb:26:in `tagged'
activesupport (5.0.0) lib/active_support/tagged_logging.rb:70:in `tagged'
railties (5.0.0) lib/rails/rack/logger.rb:24:in `call'
actionpack (5.0.0) lib/action_dispatch/middleware/request_id.rb:24:in `call'
rack (2.0.1) lib/rack/method_override.rb:22:in `call'
rack (2.0.1) lib/rack/runtime.rb:22:in `call'
activesupport (5.0.0) lib/active_support/cache/strategy/local_cache_middleware.rb:28:in `call'
actionpack (5.0.0) lib/action_dispatch/middleware/executor.rb:12:in `call'
actionpack (5.0.0) lib/action_dispatch/middleware/static.rb:136:in `call'
rack (2.0.1) lib/rack/sendfile.rb:111:in `call'
railties (5.0.0) lib/rails/engine.rb:522:in `call'
rack (2.0.1) lib/rack/handler/webrick.rb:86:in `service'
/Users/Will/.rubies/ruby-2.2.5/lib/ruby/2.2.0/webrick/httpserver.rb:138:in `service'
/Users/Will/.rubies/ruby-2.2.5/lib/ruby/2.2.0/webrick/httpserver.rb:94:in `run'
/Users/Will/.rubies/ruby-2.2.5/lib/ruby/2.2.0/webrick/server.rb:294:in `block in start_thread'
  Rendering /Users/Will/.gem/ruby/2.2.5/gems/actionpack-5.0.0/lib/action_dispatch/middleware/templates/rescues/unknown_action.html.erb within rescues/layout
  Rendered /Users/Will/.gem/ruby/2.2.5/gems/actionpack-5.0.0/lib/action_dispatch/middleware/templates/rescues/unknown_action.html.erb within rescues/layout (0.5ms)
DEPRECATION WARNING: Accessing mime types via constants is deprecated. Please change `Mime::HTML` to `Mime[:html]`. (called from const_missing at /Users/Will/.gem/ruby/2.2.5/gems/actionpack-5.0.0/lib/action_dispatch/http/mime_type.rb:52)
  Rendering /Users/Will/.gem/ruby/2.2.5/gems/web-console-2.3.0/lib/web_console/templates/index.html.erb
  Rendered /Users/Will/.gem/ruby/2.2.5/gems/web-console-2.3.0/lib/web_console/templates/_markup.html.erb (0.4ms)
  Rendering /Users/Will/.gem/ruby/2.2.5/gems/web-console-2.3.0/lib/web_console/templates/console.js.erb within layouts/javascript
  Rendering /Users/Will/.gem/ruby/2.2.5/gems/web-console-2.3.0/lib/web_console/templates/_inner_console_markup.html.erb within layouts/inlined_string
  Rendered /Users/Will/.gem/ruby/2.2.5/gems/web-console-2.3.0/lib/web_console/templates/_inner_console_markup.html.erb within layouts/inlined_string (0.5ms)
  Rendering /Users/Will/.gem/ruby/2.2.5/gems/web-console-2.3.0/lib/web_console/templates/_prompt_box_markup.html.erb within layouts/inlined_string
  Rendered /Users/Will/.gem/ruby/2.2.5/gems/web-console-2.3.0/lib/web_console/templates/_prompt_box_markup.html.erb within layouts/inlined_string (0.7ms)
  Rendering /Users/Will/.gem/ruby/2.2.5/gems/web-console-2.3.0/lib/web_console/templates/style.css.erb within layouts/inlined_string
  Rendered /Users/Will/.gem/ruby/2.2.5/gems/web-console-2.3.0/lib/web_console/templates/style.css.erb within layouts/inlined_string (1.4ms)
DEPRECATION WARNING: Accessing mime types via constants is deprecated. Please change `Mime::WEB_CONSOLE_V2` to `Mime[:web_console_v2]`. (called from const_missing at /Users/Will/.gem/ruby/2.2.5/gems/actionpack-5.0.0/lib/action_dispatch/http/mime_type.rb:52)
  Rendered /Users/Will/.gem/ruby/2.2.5/gems/web-console-2.3.0/lib/web_console/templates/console.js.erb within layouts/javascript (83.8ms)
  Rendering /Users/Will/.gem/ruby/2.2.5/gems/web-console-2.3.0/lib/web_console/templates/main.js.erb within layouts/javascript
  Rendered /Users/Will/.gem/ruby/2.2.5/gems/web-console-2.3.0/lib/web_console/templates/main.js.erb within layouts/javascript (0.4ms)
  Rendering /Users/Will/.gem/ruby/2.2.5/gems/web-console-2.3.0/lib/web_console/templates/error_page.js.erb within layouts/javascript
  Rendered /Users/Will/.gem/ruby/2.2.5/gems/web-console-2.3.0/lib/web_console/templates/error_page.js.erb within layouts/javascript (0.6ms)
  Rendered /Users/Will/.gem/ruby/2.2.5/gems/web-console-2.3.0/lib/web_console/templates/index.html.erb (178.5ms)
Started GET "/galleries/new" for ::1 at 2017-01-12 16:39:04 -0500
Processing by GalleriesController#new as HTML
  Rendering galleries/new.html.erb within layouts/application
  Rendered galleries/_form.html.erb (2.6ms)
  Rendered galleries/new.html.erb within layouts/application (4.9ms)
Completed 200 OK in 30ms (Views: 27.4ms | ActiveRecord: 0.0ms)


Started GET "/galleries" for ::1 at 2017-01-12 16:39:06 -0500
Processing by GalleriesController#index as HTML
  Rendering galleries/index.html.erb within layouts/application
  [1m[36mGallery Load (1.6ms)[0m  [1m[34mSELECT "galleries".* FROM "galleries"[0m
  Rendered galleries/index.html.erb within layouts/application (4.3ms)
Completed 200 OK in 41ms (Views: 37.1ms | ActiveRecord: 1.6ms)


Started GET "/galleries/new" for ::1 at 2017-01-12 16:39:08 -0500
Processing by GalleriesController#new as HTML
  Rendering galleries/new.html.erb within layouts/application
  Rendered galleries/_form.html.erb (3.8ms)
  Rendered galleries/new.html.erb within layouts/application (5.8ms)
Completed 200 OK in 24ms (Views: 20.8ms | ActiveRecord: 0.0ms)


Started GET "/galleries/new" for ::1 at 2017-01-12 16:43:01 -0500
Processing by GalleriesController#new as HTML
  Rendering galleries/new.html.erb within layouts/application
  Rendered galleries/_form.html.erb (3.2ms)
  Rendered galleries/new.html.erb within layouts/application (5.0ms)
Completed 200 OK in 41ms (Views: 19.5ms | ActiveRecord: 6.8ms)


Started GET "/galleries/new" for ::1 at 2017-01-12 16:43:13 -0500
Processing by GalleriesController#new as HTML
  Rendering galleries/new.html.erb within layouts/application
  Rendered galleries/_form.html.erb (2.6ms)
  Rendered galleries/new.html.erb within layouts/application (4.4ms)
Completed 200 OK in 73ms (Views: 52.8ms | ActiveRecord: 5.3ms)


Started POST "/galleries" for ::1 at 2017-01-12 16:43:25 -0500
Processing by GalleriesController#create as HTML
  Parameters: {"utf8"=>"✓", "authenticity_token"=>"v+DFxcGADEU1cRCVKnGOS4/2rZWPYZ7tickVC21DJH3Izmj0TQBIUiemNDPsCv+1dg5ihB0udOpyMyNO+cDo7A==", "gallery"=>{"name"=>"", "city"=>"", "state"=>"AL", "zip"=>"", "description"=>""}, "commit"=>"Submit the cool form for a new rad art gallery"}
  [1m[35m (0.3ms)[0m  [1m[35mBEGIN[0m
  [1m[35m (0.5ms)[0m  [1m[31mROLLBACK[0m
  Rendering galleries/new.html.erb within layouts/application
  Rendered galleries/_form.html.erb (6.2ms)
  Rendered galleries/new.html.erb within layouts/application (8.1ms)
Completed 500 Internal Server Error in 25ms (ActiveRecord: 0.8ms)


  
ActionView::Template::Error (undefined method `map' for nil:NilClass):
    12: 
    13:   <div>
    14:     <%= f.label :state%>
    15:     <%= f.select :state, options_for_select(@state_collection) %>
    16:   </div>
    17: 
    18:   <div>
  
app/views/galleries/_form.html.erb:15:in `block in _app_views_galleries__form_html_erb__4589681703997288007_70132147149480'
app/views/galleries/_form.html.erb:1:in `_app_views_galleries__form_html_erb__4589681703997288007_70132147149480'
app/views/galleries/new.html.erb:2:in `_app_views_galleries_new_html_erb__99138632288481297_70132160462200'
app/controllers/galleries_controller.rb:18:in `create'
  Rendering /Users/Will/.gem/ruby/2.2.5/gems/actionpack-5.0.0/lib/action_dispatch/middleware/templates/rescues/template_error.html.erb within rescues/layout
  Rendering /Users/Will/.gem/ruby/2.2.5/gems/actionpack-5.0.0/lib/action_dispatch/middleware/templates/rescues/_source.html.erb
  Rendered /Users/Will/.gem/ruby/2.2.5/gems/actionpack-5.0.0/lib/action_dispatch/middleware/templates/rescues/_source.html.erb (15.5ms)
  Rendering /Users/Will/.gem/ruby/2.2.5/gems/actionpack-5.0.0/lib/action_dispatch/middleware/templates/rescues/_trace.html.erb
  Rendered /Users/Will/.gem/ruby/2.2.5/gems/actionpack-5.0.0/lib/action_dispatch/middleware/templates/rescues/_trace.html.erb (3.1ms)
  Rendering /Users/Will/.gem/ruby/2.2.5/gems/actionpack-5.0.0/lib/action_dispatch/middleware/templates/rescues/_request_and_response.html.erb
  Rendered /Users/Will/.gem/ruby/2.2.5/gems/actionpack-5.0.0/lib/action_dispatch/middleware/templates/rescues/_request_and_response.html.erb (2.1ms)
  Rendered /Users/Will/.gem/ruby/2.2.5/gems/actionpack-5.0.0/lib/action_dispatch/middleware/templates/rescues/template_error.html.erb within rescues/layout (104.6ms)
DEPRECATION WARNING: #original_exception is deprecated. Use #cause instead. (called from block in render_exception_with_web_console at /Users/Will/.gem/ruby/2.2.5/gems/web-console-2.3.0/lib/web_console/extensions.rb:16)
DEPRECATION WARNING: Accessing mime types via constants is deprecated. Please change `Mime::HTML` to `Mime[:html]`. (called from const_missing at /Users/Will/.gem/ruby/2.2.5/gems/actionpack-5.0.0/lib/action_dispatch/http/mime_type.rb:52)
  Rendering /Users/Will/.gem/ruby/2.2.5/gems/web-console-2.3.0/lib/web_console/templates/index.html.erb
  Rendered /Users/Will/.gem/ruby/2.2.5/gems/web-console-2.3.0/lib/web_console/templates/_markup.html.erb (0.5ms)
  Rendering /Users/Will/.gem/ruby/2.2.5/gems/web-console-2.3.0/lib/web_console/templates/console.js.erb within layouts/javascript
  Rendering /Users/Will/.gem/ruby/2.2.5/gems/web-console-2.3.0/lib/web_console/templates/_inner_console_markup.html.erb within layouts/inlined_string
  Rendered /Users/Will/.gem/ruby/2.2.5/gems/web-console-2.3.0/lib/web_console/templates/_inner_console_markup.html.erb within layouts/inlined_string (0.4ms)
  Rendering /Users/Will/.gem/ruby/2.2.5/gems/web-console-2.3.0/lib/web_console/templates/_prompt_box_markup.html.erb within layouts/inlined_string
  Rendered /Users/Will/.gem/ruby/2.2.5/gems/web-console-2.3.0/lib/web_console/templates/_prompt_box_markup.html.erb within layouts/inlined_string (0.3ms)
  Rendering /Users/Will/.gem/ruby/2.2.5/gems/web-console-2.3.0/lib/web_console/templates/style.css.erb within layouts/inlined_string
  Rendered /Users/Will/.gem/ruby/2.2.5/gems/web-console-2.3.0/lib/web_console/templates/style.css.erb within layouts/inlined_string (0.5ms)
DEPRECATION WARNING: Accessing mime types via constants is deprecated. Please change `Mime::WEB_CONSOLE_V2` to `Mime[:web_console_v2]`. (called from const_missing at /Users/Will/.gem/ruby/2.2.5/gems/actionpack-5.0.0/lib/action_dispatch/http/mime_type.rb:52)
  Rendered /Users/Will/.gem/ruby/2.2.5/gems/web-console-2.3.0/lib/web_console/templates/console.js.erb within layouts/javascript (70.8ms)
  Rendering /Users/Will/.gem/ruby/2.2.5/gems/web-console-2.3.0/lib/web_console/templates/main.js.erb within layouts/javascript
  Rendered /Users/Will/.gem/ruby/2.2.5/gems/web-console-2.3.0/lib/web_console/templates/main.js.erb within layouts/javascript (0.4ms)
  Rendering /Users/Will/.gem/ruby/2.2.5/gems/web-console-2.3.0/lib/web_console/templates/error_page.js.erb within layouts/javascript
  Rendered /Users/Will/.gem/ruby/2.2.5/gems/web-console-2.3.0/lib/web_console/templates/error_page.js.erb within layouts/javascript (0.6ms)
  Rendered /Users/Will/.gem/ruby/2.2.5/gems/web-console-2.3.0/lib/web_console/templates/index.html.erb (160.2ms)
Started GET "/galleries" for ::1 at 2017-01-12 16:44:16 -0500
Processing by GalleriesController#index as HTML
  Rendering galleries/index.html.erb within layouts/application
  [1m[36mGallery Load (0.4ms)[0m  [1m[34mSELECT "galleries".* FROM "galleries"[0m
  Rendered galleries/index.html.erb within layouts/application (2.9ms)
Completed 200 OK in 36ms (Views: 33.5ms | ActiveRecord: 0.4ms)


Started GET "/galleries/new" for ::1 at 2017-01-12 16:44:19 -0500
Processing by GalleriesController#new as HTML
  Rendering galleries/new.html.erb within layouts/application
  Rendered galleries/_form.html.erb (2.8ms)
  Rendered galleries/new.html.erb within layouts/application (4.9ms)
Completed 500 Internal Server Error in 11ms (ActiveRecord: 0.0ms)


  
SyntaxError (/Users/Will/challenges/rails-marathon/app/views/galleries/_form.html.erb:15: syntax error, unexpected ',', expecting ')'
...ffer.append=( f.select (:state, options_for_select(@state_co...
...                               ^
/Users/Will/challenges/rails-marathon/app/views/galleries/_form.html.erb:15: syntax error, unexpected ')', expecting keyword_end
...or_select(@state_collection)) );@output_buffer.safe_append='
...                               ^):
  
app/views/galleries/_form.html.erb:15: syntax error, unexpected ',', expecting ')'
app/views/galleries/_form.html.erb:15: syntax error, unexpected ')', expecting keyword_end
app/views/galleries/new.html.erb:2:in `_app_views_galleries_new_html_erb__99138632288481297_70132146574160'
  Rendering /Users/Will/.gem/ruby/2.2.5/gems/actionpack-5.0.0/lib/action_dispatch/middleware/templates/rescues/diagnostics.html.erb within rescues/layout
  Rendering /Users/Will/.gem/ruby/2.2.5/gems/actionpack-5.0.0/lib/action_dispatch/middleware/templates/rescues/_source.html.erb
  Rendered /Users/Will/.gem/ruby/2.2.5/gems/actionpack-5.0.0/lib/action_dispatch/middleware/templates/rescues/_source.html.erb (17.6ms)
  Rendering /Users/Will/.gem/ruby/2.2.5/gems/actionpack-5.0.0/lib/action_dispatch/middleware/templates/rescues/_trace.html.erb
  Rendered /Users/Will/.gem/ruby/2.2.5/gems/actionpack-5.0.0/lib/action_dispatch/middleware/templates/rescues/_trace.html.erb (5.6ms)
  Rendering /Users/Will/.gem/ruby/2.2.5/gems/actionpack-5.0.0/lib/action_dispatch/middleware/templates/rescues/_request_and_response.html.erb
  Rendered /Users/Will/.gem/ruby/2.2.5/gems/actionpack-5.0.0/lib/action_dispatch/middleware/templates/rescues/_request_and_response.html.erb (1.4ms)
  Rendered /Users/Will/.gem/ruby/2.2.5/gems/actionpack-5.0.0/lib/action_dispatch/middleware/templates/rescues/diagnostics.html.erb within rescues/layout (136.4ms)
DEPRECATION WARNING: Accessing mime types via constants is deprecated. Please change `Mime::HTML` to `Mime[:html]`. (called from const_missing at /Users/Will/.gem/ruby/2.2.5/gems/actionpack-5.0.0/lib/action_dispatch/http/mime_type.rb:52)
  Rendering /Users/Will/.gem/ruby/2.2.5/gems/web-console-2.3.0/lib/web_console/templates/index.html.erb
  Rendered /Users/Will/.gem/ruby/2.2.5/gems/web-console-2.3.0/lib/web_console/templates/_markup.html.erb (0.8ms)
  Rendering /Users/Will/.gem/ruby/2.2.5/gems/web-console-2.3.0/lib/web_console/templates/console.js.erb within layouts/javascript
  Rendering /Users/Will/.gem/ruby/2.2.5/gems/web-console-2.3.0/lib/web_console/templates/_inner_console_markup.html.erb within layouts/inlined_string
  Rendered /Users/Will/.gem/ruby/2.2.5/gems/web-console-2.3.0/lib/web_console/templates/_inner_console_markup.html.erb within layouts/inlined_string (0.5ms)
  Rendering /Users/Will/.gem/ruby/2.2.5/gems/web-console-2.3.0/lib/web_console/templates/_prompt_box_markup.html.erb within layouts/inlined_string
  Rendered /Users/Will/.gem/ruby/2.2.5/gems/web-console-2.3.0/lib/web_console/templates/_prompt_box_markup.html.erb within layouts/inlined_string (0.7ms)
  Rendering /Users/Will/.gem/ruby/2.2.5/gems/web-console-2.3.0/lib/web_console/templates/style.css.erb within layouts/inlined_string
  Rendered /Users/Will/.gem/ruby/2.2.5/gems/web-console-2.3.0/lib/web_console/templates/style.css.erb within layouts/inlined_string (0.4ms)
DEPRECATION WARNING: Accessing mime types via constants is deprecated. Please change `Mime::WEB_CONSOLE_V2` to `Mime[:web_console_v2]`. (called from const_missing at /Users/Will/.gem/ruby/2.2.5/gems/actionpack-5.0.0/lib/action_dispatch/http/mime_type.rb:52)
  Rendered /Users/Will/.gem/ruby/2.2.5/gems/web-console-2.3.0/lib/web_console/templates/console.js.erb within layouts/javascript (85.6ms)
  Rendering /Users/Will/.gem/ruby/2.2.5/gems/web-console-2.3.0/lib/web_console/templates/main.js.erb within layouts/javascript
  Rendered /Users/Will/.gem/ruby/2.2.5/gems/web-console-2.3.0/lib/web_console/templates/main.js.erb within layouts/javascript (0.5ms)
  Rendering /Users/Will/.gem/ruby/2.2.5/gems/web-console-2.3.0/lib/web_console/templates/error_page.js.erb within layouts/javascript
  Rendered /Users/Will/.gem/ruby/2.2.5/gems/web-console-2.3.0/lib/web_console/templates/error_page.js.erb within layouts/javascript (0.4ms)
  Rendered /Users/Will/.gem/ruby/2.2.5/gems/web-console-2.3.0/lib/web_console/templates/index.html.erb (173.9ms)
Started GET "/galleries/new" for ::1 at 2017-01-12 16:46:46 -0500
Processing by GalleriesController#new as HTML
  Rendering galleries/new.html.erb within layouts/application
  Rendered galleries/_form.html.erb (3.4ms)
  Rendered galleries/new.html.erb within layouts/application (5.7ms)
Completed 200 OK in 40ms (Views: 24.1ms | ActiveRecord: 5.0ms)


Started POST "/galleries" for ::1 at 2017-01-12 16:46:48 -0500
Processing by GalleriesController#create as HTML
  Parameters: {"utf8"=>"✓", "authenticity_token"=>"JnuA+gm5hlN97zV7PPbl0SwPrufIyiQe9Q5ZZeTSSf5RVS3LhTnCRG84Ed36jZQv1fdh9lqFzhkO9G8gcFGFbw==", "gallery"=>{"name"=>"", "city"=>"", "state"=>"AL", "zip"=>"", "description"=>""}, "commit"=>"Submit the cool form for a new rad art gallery"}
  [1m[35m (0.9ms)[0m  [1m[35mBEGIN[0m
  [1m[35m (1.0ms)[0m  [1m[31mROLLBACK[0m
  Rendering galleries/new.html.erb within layouts/application
  Rendered galleries/_form.html.erb (3.2ms)
  Rendered galleries/new.html.erb within layouts/application (5.9ms)
Completed 200 OK in 36ms (Views: 21.6ms | ActiveRecord: 1.9ms)


Started POST "/galleries" for ::1 at 2017-01-12 16:46:51 -0500
Processing by GalleriesController#create as HTML
  Parameters: {"utf8"=>"✓", "authenticity_token"=>"9Eg9+PypgSQVLmUGvxWpepbnASPumdMCp/ecprN9s9SDZpDJcCnFMwf5QaB5btiEbx/OMnzWOQVcDarjJ/5/RQ==", "gallery"=>{"name"=>"", "city"=>"", "state"=>"AL", "zip"=>"", "description"=>""}, "commit"=>"Submit the cool form for a new rad art gallery"}
  [1m[35m (1.3ms)[0m  [1m[35mBEGIN[0m
  [1m[35m (2.0ms)[0m  [1m[31mROLLBACK[0m
  Rendering galleries/new.html.erb within layouts/application
  Rendered galleries/_form.html.erb (3.5ms)
  Rendered galleries/new.html.erb within layouts/application (5.7ms)
Completed 200 OK in 49ms (Views: 23.1ms | ActiveRecord: 3.3ms)


Started POST "/galleries" for ::1 at 2017-01-12 16:46:52 -0500
Processing by GalleriesController#create as HTML
  Parameters: {"utf8"=>"✓", "authenticity_token"=>"8Q03xkRt8LrFQZrVMoKuNjNyxHYRGPR2oW0QDeM3FnuGI5r3yO20rdeWvnP0+d/IyooLZ4NXHnFalyZId7Ta6g==", "gallery"=>{"name"=>"", "city"=>"", "state"=>"AL", "zip"=>"", "description"=>""}, "commit"=>"Submit the cool form for a new rad art gallery"}
  [1m[35m (0.7ms)[0m  [1m[35mBEGIN[0m
  [1m[35m (0.5ms)[0m  [1m[31mROLLBACK[0m
  Rendering galleries/new.html.erb within layouts/application
  Rendered galleries/_form.html.erb (4.3ms)
  Rendered galleries/new.html.erb within layouts/application (7.6ms)
Completed 200 OK in 36ms (Views: 25.1ms | ActiveRecord: 1.2ms)


Started GET "/galleries" for ::1 at 2017-01-12 16:47:10 -0500
Processing by GalleriesController#index as HTML
  Rendering galleries/index.html.erb within layouts/application
  [1m[36mGallery Load (1.4ms)[0m  [1m[34mSELECT "galleries".* FROM "galleries"[0m
  Rendered galleries/index.html.erb within layouts/application (3.8ms)
Completed 200 OK in 42ms (Views: 38.2ms | ActiveRecord: 1.4ms)


Started GET "/galleries/new" for ::1 at 2017-01-12 16:47:16 -0500
Processing by GalleriesController#new as HTML
  Rendering galleries/new.html.erb within layouts/application
  Rendered galleries/_form.html.erb (6.1ms)
  Rendered galleries/new.html.erb within layouts/application (8.8ms)
Completed 200 OK in 28ms (Views: 25.8ms | ActiveRecord: 0.0ms)


Started GET "/galleries/new" for ::1 at 2017-01-12 16:47:23 -0500
Processing by GalleriesController#new as HTML
  Rendering galleries/new.html.erb within layouts/application
  Rendered galleries/_form.html.erb (4.9ms)
  Rendered galleries/new.html.erb within layouts/application (7.7ms)
Completed 200 OK in 35ms (Views: 32.1ms | ActiveRecord: 0.0ms)


Started GET "/assets/application.self-e80e8f2318043e8af94dddc2adad5a4f09739a8ebb323b3ab31cd71d45fd9113.css?body=1" for ::1 at 2017-01-12 16:47:23 -0500
Started GET "/assets/jquery.self-bd7ddd393353a8d2480a622e80342adf488fb6006d667e8b42e4c0073393abee.js?body=1" for ::1 at 2017-01-12 16:47:23 -0500
Started GET "/assets/jquery_ujs.self-784a997f6726036b1993eb2217c9cb558e1cbb801c6da88105588c56f13b466a.js?body=1" for ::1 at 2017-01-12 16:47:23 -0500
Started GET "/assets/turbolinks.self-c5acd7a204f5f25ce7a1d8a0e4d92e28d34c9e2df2c7371cd7af88e147e4ad82.js?body=1" for ::1 at 2017-01-12 16:47:23 -0500
Started GET "/assets/application.self-3b8dabdc891efe46b9a144b400ad69e37d7e5876bdc39dee783419a69d7ca819.js?body=1" for ::1 at 2017-01-12 16:47:23 -0500
Started POST "/galleries" for ::1 at 2017-01-12 16:47:27 -0500
Processing by GalleriesController#create as HTML
  Parameters: {"utf8"=>"✓", "authenticity_token"=>"6zqoOKZfImLv+IPc7b1lcoESCstebrow/GLIj4ZWOsOcFAUJKt9mdf0vp3orxhSMeOrF2swhUDcHmP7KEtX2Ug==", "gallery"=>{"name"=>"", "city"=>"", "state"=>"AL", "zip"=>"", "description"=>""}, "commit"=>"Submit the cool form for a new rad art gallery"}
  [1m[35m (1.4ms)[0m  [1m[35mBEGIN[0m
  [1m[35m (2.1ms)[0m  [1m[31mROLLBACK[0m
  Rendering galleries/new.html.erb within layouts/application
  Rendered galleries/_form.html.erb (4.6ms)
  Rendered galleries/new.html.erb within layouts/application (9.1ms)
Completed 200 OK in 45ms (Views: 29.3ms | ActiveRecord: 3.4ms)


Started POST "/galleries" for ::1 at 2017-01-12 16:47:28 -0500
Processing by GalleriesController#create as HTML
  Parameters: {"utf8"=>"✓", "authenticity_token"=>"En8N3UdAjZDbsHrqV/br1jDixMzYQb3q0IMOJjS0LgdlUaDsy8DJh8lnXkyRjZooyRoL3UoOV+0reThjoDfilg==", "gallery"=>{"name"=>"", "city"=>"", "state"=>"AL", "zip"=>"", "description"=>""}, "commit"=>"Submit the cool form for a new rad art gallery"}
  [1m[35m (0.4ms)[0m  [1m[35mBEGIN[0m
  [1m[35m (0.3ms)[0m  [1m[31mROLLBACK[0m
  Rendering galleries/new.html.erb within layouts/application
  Rendered galleries/_form.html.erb (4.6ms)
  Rendered galleries/new.html.erb within layouts/application (7.3ms)
Completed 200 OK in 54ms (Views: 27.3ms | ActiveRecord: 0.6ms)


Started POST "/galleries" for ::1 at 2017-01-12 16:48:11 -0500
Processing by GalleriesController#create as HTML
  Parameters: {"utf8"=>"✓", "authenticity_token"=>"i85f2EbY7EdID5JTOUHHvFdkmiCY3JsxXQSlpPo+imn84PLpylioUFrYtvX/OrZCrpxVMQqTcTam/pPhbr1G+A==", "gallery"=>{"name"=>"", "city"=>"", "state"=>"AL", "zip"=>"", "description"=>""}, "commit"=>"Submit the cool form for a new rad art gallery"}
  [1m[35m (1.7ms)[0m  [1m[35mBEGIN[0m
  [1m[35m (0.2ms)[0m  [1m[31mROLLBACK[0m
  Rendering galleries/new.html.erb within layouts/application
  Rendered galleries/_form.html.erb (7.9ms)
  Rendered galleries/new.html.erb within layouts/application (10.9ms)
Completed 200 OK in 56ms (Views: 36.7ms | ActiveRecord: 1.9ms)


Started POST "/galleries" for ::1 at 2017-01-12 16:49:20 -0500
Processing by GalleriesController#create as HTML
  Parameters: {"utf8"=>"✓", "authenticity_token"=>"Hbpwa9b4yrTSNzVmvl80YHdCWmnZhqPPcoxsNCYqpO5qlN1aWniOo8DgEcB4JEWejrqVeEvJSciJdlpxsqlofw==", "gallery"=>{"name"=>"Rad Gal", "city"=>"Chugwater", "state"=>"AL", "zip"=>"34543", "description"=>"It's cool and it's rad and it has a lot of glasses for your water"}, "commit"=>"Submit the cool form for a new rad art gallery"}
  [1m[35m (0.3ms)[0m  [1m[35mBEGIN[0m
  [1m[35mSQL (3.4ms)[0m  [1m[32mINSERT INTO "galleries" ("name", "city", "state", "zip", "description", "created_at", "updated_at") VALUES ($1, $2, $3, $4, $5, $6, $7) RETURNING "id"[0m  [["name", "Rad Gal"], ["city", "Chugwater"], ["state", "AL"], ["zip", "34543"], ["description", "It's cool and it's rad and it has a lot of glasses for your water"], ["created_at", 2017-01-12 21:49:20 UTC], ["updated_at", 2017-01-12 21:49:20 UTC]]
  [1m[35m (1.2ms)[0m  [1m[35mCOMMIT[0m
Redirected to http://localhost:3000/galleries
Completed 302 Found in 119ms (ActiveRecord: 5.0ms)


Started GET "/galleries" for ::1 at 2017-01-12 16:49:20 -0500
Processing by GalleriesController#index as HTML
  Rendering galleries/index.html.erb within layouts/application
  [1m[36mGallery Load (0.7ms)[0m  [1m[34mSELECT "galleries".* FROM "galleries"[0m
  Rendered galleries/index.html.erb within layouts/application (8.5ms)
Completed 200 OK in 63ms (Views: 57.0ms | ActiveRecord: 0.7ms)


Started GET "/galleries/1" for ::1 at 2017-01-12 16:53:21 -0500
Processing by GalleriesController#show as HTML
  Parameters: {"id"=>"1"}
  [1m[36mGallery Load (9.0ms)[0m  [1m[34mSELECT  "galleries".* FROM "galleries" WHERE "galleries"."id" = $1 LIMIT $2[0m  [["id", 1], ["LIMIT", 1]]
  Rendering galleries/show.html.erb within layouts/application
  Rendered galleries/show.html.erb within layouts/application (1.7ms)
Completed 200 OK in 123ms (Views: 44.1ms | ActiveRecord: 9.4ms)


Started GET "/galleries/1" for ::1 at 2017-01-12 16:54:16 -0500
Processing by GalleriesController#show as HTML
  Parameters: {"id"=>"1"}
  [1m[36mGallery Load (2.3ms)[0m  [1m[34mSELECT  "galleries".* FROM "galleries" WHERE "galleries"."id" = $1 LIMIT $2[0m  [["id", 1], ["LIMIT", 1]]
  Rendering galleries/show.html.erb within layouts/application
  Rendered galleries/show.html.erb within layouts/application (5.2ms)
Completed 500 Internal Server Error in 16ms (ActiveRecord: 2.3ms)


  
ActionView::Template::Error (undefined method `empty?' for nil:NilClass):
    4:     <li>City: <%= @gallery.city %></li>
    5:     <li>State: <%= @gallery.state %></li>
    6:     <li>Zip: <%= @gallery.zip %></li>
    7:     <% unless @gallery.description.empty? %>
    8:       <li>Description: <%= @gallery.description %></li>
    9:     <% end %>
   10:   </ul>
  
app/views/galleries/show.html.erb:7:in `_app_views_galleries_show_html_erb__2066758808500740777_70132112671500'
  Rendering /Users/Will/.gem/ruby/2.2.5/gems/actionpack-5.0.0/lib/action_dispatch/middleware/templates/rescues/template_error.html.erb within rescues/layout
  Rendering /Users/Will/.gem/ruby/2.2.5/gems/actionpack-5.0.0/lib/action_dispatch/middleware/templates/rescues/_source.html.erb
  Rendered /Users/Will/.gem/ruby/2.2.5/gems/actionpack-5.0.0/lib/action_dispatch/middleware/templates/rescues/_source.html.erb (8.6ms)
  Rendering /Users/Will/.gem/ruby/2.2.5/gems/actionpack-5.0.0/lib/action_dispatch/middleware/templates/rescues/_trace.html.erb
  Rendered /Users/Will/.gem/ruby/2.2.5/gems/actionpack-5.0.0/lib/action_dispatch/middleware/templates/rescues/_trace.html.erb (3.3ms)
  Rendering /Users/Will/.gem/ruby/2.2.5/gems/actionpack-5.0.0/lib/action_dispatch/middleware/templates/rescues/_request_and_response.html.erb
  Rendered /Users/Will/.gem/ruby/2.2.5/gems/actionpack-5.0.0/lib/action_dispatch/middleware/templates/rescues/_request_and_response.html.erb (1.2ms)
  Rendered /Users/Will/.gem/ruby/2.2.5/gems/actionpack-5.0.0/lib/action_dispatch/middleware/templates/rescues/template_error.html.erb within rescues/layout (77.9ms)
DEPRECATION WARNING: #original_exception is deprecated. Use #cause instead. (called from block in render_exception_with_web_console at /Users/Will/.gem/ruby/2.2.5/gems/web-console-2.3.0/lib/web_console/extensions.rb:16)
DEPRECATION WARNING: Accessing mime types via constants is deprecated. Please change `Mime::HTML` to `Mime[:html]`. (called from const_missing at /Users/Will/.gem/ruby/2.2.5/gems/actionpack-5.0.0/lib/action_dispatch/http/mime_type.rb:52)
  Rendering /Users/Will/.gem/ruby/2.2.5/gems/web-console-2.3.0/lib/web_console/templates/index.html.erb
  Rendered /Users/Will/.gem/ruby/2.2.5/gems/web-console-2.3.0/lib/web_console/templates/_markup.html.erb (0.6ms)
  Rendering /Users/Will/.gem/ruby/2.2.5/gems/web-console-2.3.0/lib/web_console/templates/console.js.erb within layouts/javascript
  Rendering /Users/Will/.gem/ruby/2.2.5/gems/web-console-2.3.0/lib/web_console/templates/_inner_console_markup.html.erb within layouts/inlined_string
  Rendered /Users/Will/.gem/ruby/2.2.5/gems/web-console-2.3.0/lib/web_console/templates/_inner_console_markup.html.erb within layouts/inlined_string (0.4ms)
  Rendering /Users/Will/.gem/ruby/2.2.5/gems/web-console-2.3.0/lib/web_console/templates/_prompt_box_markup.html.erb within layouts/inlined_string
  Rendered /Users/Will/.gem/ruby/2.2.5/gems/web-console-2.3.0/lib/web_console/templates/_prompt_box_markup.html.erb within layouts/inlined_string (0.3ms)
  Rendering /Users/Will/.gem/ruby/2.2.5/gems/web-console-2.3.0/lib/web_console/templates/style.css.erb within layouts/inlined_string
  Rendered /Users/Will/.gem/ruby/2.2.5/gems/web-console-2.3.0/lib/web_console/templates/style.css.erb within layouts/inlined_string (0.4ms)
DEPRECATION WARNING: Accessing mime types via constants is deprecated. Please change `Mime::WEB_CONSOLE_V2` to `Mime[:web_console_v2]`. (called from const_missing at /Users/Will/.gem/ruby/2.2.5/gems/actionpack-5.0.0/lib/action_dispatch/http/mime_type.rb:52)
  Rendered /Users/Will/.gem/ruby/2.2.5/gems/web-console-2.3.0/lib/web_console/templates/console.js.erb within layouts/javascript (59.2ms)
  Rendering /Users/Will/.gem/ruby/2.2.5/gems/web-console-2.3.0/lib/web_console/templates/main.js.erb within layouts/javascript
  Rendered /Users/Will/.gem/ruby/2.2.5/gems/web-console-2.3.0/lib/web_console/templates/main.js.erb within layouts/javascript (0.4ms)
  Rendering /Users/Will/.gem/ruby/2.2.5/gems/web-console-2.3.0/lib/web_console/templates/error_page.js.erb within layouts/javascript
  Rendered /Users/Will/.gem/ruby/2.2.5/gems/web-console-2.3.0/lib/web_console/templates/error_page.js.erb within layouts/javascript (0.5ms)
  Rendered /Users/Will/.gem/ruby/2.2.5/gems/web-console-2.3.0/lib/web_console/templates/index.html.erb (133.9ms)
Started GET "/galleries/1" for ::1 at 2017-01-12 16:54:31 -0500
Processing by GalleriesController#show as HTML
  Parameters: {"id"=>"1"}
  [1m[36mGallery Load (2.4ms)[0m  [1m[34mSELECT  "galleries".* FROM "galleries" WHERE "galleries"."id" = $1 LIMIT $2[0m  [["id", 1], ["LIMIT", 1]]
  Rendering galleries/show.html.erb within layouts/application
  Rendered galleries/show.html.erb within layouts/application (0.9ms)
Completed 200 OK in 26ms (Views: 20.6ms | ActiveRecord: 2.4ms)


Started GET "/galleries/1" for ::1 at 2017-01-12 16:55:01 -0500
Processing by GalleriesController#show as HTML
  Parameters: {"id"=>"1"}
  [1m[36mGallery Load (2.6ms)[0m  [1m[34mSELECT  "galleries".* FROM "galleries" WHERE "galleries"."id" = $1 LIMIT $2[0m  [["id", 1], ["LIMIT", 1]]
  Rendering galleries/show.html.erb within layouts/application
  Rendered galleries/show.html.erb within layouts/application (1.0ms)
Completed 200 OK in 27ms (Views: 18.9ms | ActiveRecord: 3.0ms)


Started GET "/galleries" for ::1 at 2017-01-12 16:55:02 -0500
Processing by GalleriesController#index as HTML
  Rendering galleries/index.html.erb within layouts/application
  [1m[36mGallery Load (1.1ms)[0m  [1m[34mSELECT "galleries".* FROM "galleries"[0m
  Rendered galleries/index.html.erb within layouts/application (5.1ms)
Completed 200 OK in 34ms (Views: 27.8ms | ActiveRecord: 1.1ms)


Started GET "/galleries/2" for ::1 at 2017-01-12 16:55:03 -0500
Processing by GalleriesController#show as HTML
  Parameters: {"id"=>"2"}
  [1m[36mGallery Load (0.7ms)[0m  [1m[34mSELECT  "galleries".* FROM "galleries" WHERE "galleries"."id" = $1 LIMIT $2[0m  [["id", 2], ["LIMIT", 1]]
  Rendering galleries/show.html.erb within layouts/application
  Rendered galleries/show.html.erb within layouts/application (1.5ms)
Completed 200 OK in 33ms (Views: 28.8ms | ActiveRecord: 0.7ms)


Started GET "/galleries" for ::1 at 2017-01-12 16:55:04 -0500
Processing by GalleriesController#index as HTML
  Rendering galleries/index.html.erb within layouts/application
  [1m[36mGallery Load (3.2ms)[0m  [1m[34mSELECT "galleries".* FROM "galleries"[0m
  Rendered galleries/index.html.erb within layouts/application (6.2ms)
Completed 200 OK in 38ms (Views: 30.0ms | ActiveRecord: 3.2ms)


Started GET "/galleries" for ::1 at 2017-01-12 16:55:39 -0500
Processing by GalleriesController#index as HTML
  Rendering galleries/index.html.erb within layouts/application
  [1m[36mGallery Load (0.6ms)[0m  [1m[34mSELECT "galleries".* FROM "galleries"[0m
  Rendered galleries/index.html.erb within layouts/application (2.7ms)
Completed 200 OK in 23ms (Views: 19.9ms | ActiveRecord: 0.6ms)


Started GET "/galleries/new" for ::1 at 2017-01-12 16:55:40 -0500
Processing by GalleriesController#new as HTML
  Rendering galleries/new.html.erb within layouts/application
  Rendered galleries/_form.html.erb (6.5ms)
  Rendered galleries/new.html.erb within layouts/application (8.7ms)
Completed 200 OK in 38ms (Views: 35.4ms | ActiveRecord: 0.0ms)


Started POST "/galleries" for ::1 at 2017-01-12 16:55:55 -0500
Processing by GalleriesController#create as HTML
  Parameters: {"utf8"=>"✓", "authenticity_token"=>"7HuFjm8YsnINz8JHHHUu9wsd/1YgOGWktMQ/IE1LOBKbVSi/45j2ZR8Y5uHaDl8J8uUwR7J3j6NPPgll2cj0gw==", "gallery"=>{"name"=>"its cool", "city"=>"here", "state"=>"IL", "zip"=>"03294sdf", "description"=>"Its coooooool"}, "commit"=>"Submit the cool form for a new rad art gallery"}
  [1m[35m (1.8ms)[0m  [1m[35mBEGIN[0m
  [1m[35m (0.7ms)[0m  [1m[31mROLLBACK[0m
  Rendering galleries/new.html.erb within layouts/application
  Rendered galleries/_form.html.erb (8.2ms)
  Rendered galleries/new.html.erb within layouts/application (11.7ms)
Completed 200 OK in 51ms (Views: 38.5ms | ActiveRecord: 2.6ms)


Started POST "/galleries" for ::1 at 2017-01-12 16:56:01 -0500
Processing by GalleriesController#create as HTML
  Parameters: {"utf8"=>"✓", "authenticity_token"=>"p+EZfvSdCrCiqUk/2yRJQ+6xyiS1Mnf+Lo+EZXvfRonQz7RPeB1Op7B+bZkdXzi9F0kFNSd9nfnVdbIg71yKGA==", "gallery"=>{"name"=>"its cool", "city"=>"here", "state"=>"AL", "zip"=>"032940903", "description"=>"Its coooooool"}, "commit"=>"Submit the cool form for a new rad art gallery"}
  [1m[35m (0.2ms)[0m  [1m[35mBEGIN[0m
  [1m[35m (0.4ms)[0m  [1m[31mROLLBACK[0m
  Rendering galleries/new.html.erb within layouts/application
  Rendered galleries/_form.html.erb (8.0ms)
  Rendered galleries/new.html.erb within layouts/application (11.0ms)
Completed 200 OK in 42ms (Views: 35.2ms | ActiveRecord: 0.6ms)


Started POST "/galleries" for ::1 at 2017-01-12 16:56:06 -0500
Processing by GalleriesController#create as HTML
  Parameters: {"utf8"=>"✓", "authenticity_token"=>"WPYo4EtYCjnCOalc91q4x4g6msSDkhaQ/A5X57pBEjcv2IXRx9hOLtDujfoxIck5ccJV1RHd/JcH9GGiLsLepg==", "gallery"=>{"name"=>"its cool", "city"=>"here", "state"=>"AL", "zip"=>"00000", "description"=>"Its coooooool"}, "commit"=>"Submit the cool form for a new rad art gallery"}
  [1m[35m (0.9ms)[0m  [1m[35mBEGIN[0m
  [1m[35mSQL (0.9ms)[0m  [1m[32mINSERT INTO "galleries" ("name", "city", "state", "zip", "description", "created_at", "updated_at") VALUES ($1, $2, $3, $4, $5, $6, $7) RETURNING "id"[0m  [["name", "its cool"], ["city", "here"], ["state", "AL"], ["zip", "00000"], ["description", "Its coooooool"], ["created_at", 2017-01-12 21:56:06 UTC], ["updated_at", 2017-01-12 21:56:06 UTC]]
  [1m[35m (0.5ms)[0m  [1m[35mCOMMIT[0m
Redirected to http://localhost:3000/galleries
Completed 302 Found in 9ms (ActiveRecord: 2.3ms)


Started GET "/galleries" for ::1 at 2017-01-12 16:56:06 -0500
Processing by GalleriesController#index as HTML
  Rendering galleries/index.html.erb within layouts/application
  [1m[36mGallery Load (0.8ms)[0m  [1m[34mSELECT "galleries".* FROM "galleries"[0m
  Rendered galleries/index.html.erb within layouts/application (3.5ms)
Completed 200 OK in 51ms (Views: 46.8ms | ActiveRecord: 0.8ms)


Started GET "/galleries/5" for ::1 at 2017-01-12 16:56:07 -0500
Processing by GalleriesController#show as HTML
  Parameters: {"id"=>"5"}
  [1m[36mGallery Load (1.8ms)[0m  [1m[34mSELECT  "galleries".* FROM "galleries" WHERE "galleries"."id" = $1 LIMIT $2[0m  [["id", 5], ["LIMIT", 1]]
  Rendering galleries/show.html.erb within layouts/application
  Rendered galleries/show.html.erb within layouts/application (1.0ms)
Completed 200 OK in 44ms (Views: 38.9ms | ActiveRecord: 1.8ms)


Started GET "/galleries" for ::1 at 2017-01-12 16:56:11 -0500
Processing by GalleriesController#index as HTML
  Rendering galleries/index.html.erb within layouts/application
  [1m[36mGallery Load (0.7ms)[0m  [1m[34mSELECT "galleries".* FROM "galleries"[0m
  Rendered galleries/index.html.erb within layouts/application (4.7ms)
Completed 200 OK in 32ms (Views: 27.5ms | ActiveRecord: 0.7ms)


DEPRECATION WARNING: ActiveRecord::Base.raise_in_transactional_callbacks= is deprecated, has no effect and will be removed without replacement. (called from load at /Users/Will/.gem/ruby/2.2.5/bin/rake:23)
  [1m[35m (0.6ms)[0m  [1m[34mSELECT pg_try_advisory_lock(5170893669298709835);[0m
  [1m[36mActiveRecord::SchemaMigration Load (0.7ms)[0m  [1m[34mSELECT "schema_migrations".* FROM "schema_migrations"[0m
Migrating to CreatePaintings (20170112215713)
  [1m[35m (0.2ms)[0m  [1m[35mBEGIN[0m
  [1m[35m (11.8ms)[0m  [1m[35mCREATE TABLE "paintings" ("id" serial primary key, "title" character varying NOT NULL, "artist" character varying NOT NULL, "gallery_id" integer NOT NULL, "created_at" timestamp NOT NULL, "updated_at" timestamp NOT NULL)[0m
  [1m[35m (1.4ms)[0m  [1m[35mCREATE  INDEX  "index_paintings_on_gallery_id" ON "paintings"  ("gallery_id")[0m
  [1m[35mSQL (0.8ms)[0m  [1m[32mINSERT INTO "schema_migrations" ("version") VALUES ($1) RETURNING "version"[0m  [["version", "20170112215713"]]
  [1m[35m (2.0ms)[0m  [1m[35mCOMMIT[0m
  [1m[36mActiveRecord::InternalMetadata Load (0.9ms)[0m  [1m[34mSELECT  "ar_internal_metadata".* FROM "ar_internal_metadata" WHERE "ar_internal_metadata"."key" = $1 LIMIT $2[0m  [["key", :environment], ["LIMIT", 1]]
  [1m[35m (0.8ms)[0m  [1m[35mBEGIN[0m
  [1m[35m (0.2ms)[0m  [1m[35mCOMMIT[0m
  [1m[35m (0.6ms)[0m  [1m[34mSELECT pg_advisory_unlock(5170893669298709835)[0m
  [1m[36mActiveRecord::SchemaMigration Load (0.8ms)[0m  [1m[34mSELECT "schema_migrations".* FROM "schema_migrations"[0m
  [1m[35m (4.4ms)[0m  [1m[34mSELECT t2.oid::regclass::text AS to_table, a1.attname AS column, a2.attname AS primary_key, c.conname AS name, c.confupdtype AS on_update, c.confdeltype AS on_delete
FROM pg_constraint c
JOIN pg_class t1 ON c.conrelid = t1.oid
JOIN pg_class t2 ON c.confrelid = t2.oid
JOIN pg_attribute a1 ON a1.attnum = c.conkey[1] AND a1.attrelid = t1.oid
JOIN pg_attribute a2 ON a2.attnum = c.confkey[1] AND a2.attrelid = t2.oid
JOIN pg_namespace t3 ON c.connamespace = t3.oid
WHERE c.contype = 'f'
  AND t1.relname = 'galleries'
  AND t3.nspname = ANY (current_schemas(false))
ORDER BY c.conname
[0m
  [1m[35m (4.4ms)[0m  [1m[34mSELECT t2.oid::regclass::text AS to_table, a1.attname AS column, a2.attname AS primary_key, c.conname AS name, c.confupdtype AS on_update, c.confdeltype AS on_delete
FROM pg_constraint c
JOIN pg_class t1 ON c.conrelid = t1.oid
JOIN pg_class t2 ON c.confrelid = t2.oid
JOIN pg_attribute a1 ON a1.attnum = c.conkey[1] AND a1.attrelid = t1.oid
JOIN pg_attribute a2 ON a2.attnum = c.confkey[1] AND a2.attrelid = t2.oid
JOIN pg_namespace t3 ON c.connamespace = t3.oid
WHERE c.contype = 'f'
  AND t1.relname = 'paintings'
  AND t3.nspname = ANY (current_schemas(false))
ORDER BY c.conname
[0m
DEPRECATION WARNING: ActiveRecord::Base.raise_in_transactional_callbacks= is deprecated, has no effect and will be removed without replacement. (called from load at /Users/Will/.gem/ruby/2.2.5/bin/rake:23)
  [1m[36mActiveRecord::SchemaMigration Load (0.6ms)[0m  [1m[34mSELECT "schema_migrations".* FROM "schema_migrations"[0m
  [1m[35m (0.3ms)[0m  [1m[34mSELECT pg_try_advisory_lock(5170893669298709835);[0m
  [1m[36mActiveRecord::SchemaMigration Load (0.3ms)[0m  [1m[34mSELECT "schema_migrations".* FROM "schema_migrations"[0m
Migrating to CreatePaintings (20170112215713)
  [1m[35m (0.2ms)[0m  [1m[35mBEGIN[0m
  [1m[35m (2.1ms)[0m  [1m[35mDROP TABLE "paintings"[0m
  [1m[35mSQL (0.9ms)[0m  [1m[31mDELETE FROM "schema_migrations" WHERE "schema_migrations"."version" = $1[0m  [["version", "20170112215713"]]
  [1m[35m (2.4ms)[0m  [1m[35mCOMMIT[0m
  [1m[35m (0.4ms)[0m  [1m[34mSELECT pg_advisory_unlock(5170893669298709835)[0m
  [1m[36mActiveRecord::SchemaMigration Load (0.3ms)[0m  [1m[34mSELECT "schema_migrations".* FROM "schema_migrations"[0m
  [1m[35m (6.9ms)[0m  [1m[34mSELECT t2.oid::regclass::text AS to_table, a1.attname AS column, a2.attname AS primary_key, c.conname AS name, c.confupdtype AS on_update, c.confdeltype AS on_delete
FROM pg_constraint c
JOIN pg_class t1 ON c.conrelid = t1.oid
JOIN pg_class t2 ON c.confrelid = t2.oid
JOIN pg_attribute a1 ON a1.attnum = c.conkey[1] AND a1.attrelid = t1.oid
JOIN pg_attribute a2 ON a2.attnum = c.confkey[1] AND a2.attrelid = t2.oid
JOIN pg_namespace t3 ON c.connamespace = t3.oid
WHERE c.contype = 'f'
  AND t1.relname = 'galleries'
  AND t3.nspname = ANY (current_schemas(false))
ORDER BY c.conname
[0m
DEPRECATION WARNING: ActiveRecord::Base.raise_in_transactional_callbacks= is deprecated, has no effect and will be removed without replacement. (called from load at /Users/Will/.gem/ruby/2.2.5/bin/rake:23)
  [1m[35m (0.7ms)[0m  [1m[34mSELECT pg_try_advisory_lock(5170893669298709835);[0m
  [1m[36mActiveRecord::SchemaMigration Load (1.0ms)[0m  [1m[34mSELECT "schema_migrations".* FROM "schema_migrations"[0m
Migrating to CreatePaintings (20170112215713)
  [1m[35m (0.2ms)[0m  [1m[35mBEGIN[0m
  [1m[35m (10.2ms)[0m  [1m[35mCREATE TABLE "paintings" ("id" serial primary key, "title" character varying NOT NULL, "artist" character varying NOT NULL, "gallery_id" integer NOT NULL, "created_at" timestamp NOT NULL, "updated_at" timestamp NOT NULL)[0m
  [1m[35m (1.1ms)[0m  [1m[35mCREATE  INDEX  "index_paintings_on_gallery_id" ON "paintings"  ("gallery_id")[0m
  [1m[35mSQL (0.9ms)[0m  [1m[32mINSERT INTO "schema_migrations" ("version") VALUES ($1) RETURNING "version"[0m  [["version", "20170112215713"]]
  [1m[35m (0.7ms)[0m  [1m[35mCOMMIT[0m
  [1m[36mActiveRecord::InternalMetadata Load (0.6ms)[0m  [1m[34mSELECT  "ar_internal_metadata".* FROM "ar_internal_metadata" WHERE "ar_internal_metadata"."key" = $1 LIMIT $2[0m  [["key", :environment], ["LIMIT", 1]]
  [1m[35m (0.2ms)[0m  [1m[35mBEGIN[0m
  [1m[35m (0.2ms)[0m  [1m[35mCOMMIT[0m
  [1m[35m (0.3ms)[0m  [1m[34mSELECT pg_advisory_unlock(5170893669298709835)[0m
  [1m[36mActiveRecord::SchemaMigration Load (0.3ms)[0m  [1m[34mSELECT "schema_migrations".* FROM "schema_migrations"[0m
  [1m[35m (9.0ms)[0m  [1m[34mSELECT t2.oid::regclass::text AS to_table, a1.attname AS column, a2.attname AS primary_key, c.conname AS name, c.confupdtype AS on_update, c.confdeltype AS on_delete
FROM pg_constraint c
JOIN pg_class t1 ON c.conrelid = t1.oid
JOIN pg_class t2 ON c.confrelid = t2.oid
JOIN pg_attribute a1 ON a1.attnum = c.conkey[1] AND a1.attrelid = t1.oid
JOIN pg_attribute a2 ON a2.attnum = c.confkey[1] AND a2.attrelid = t2.oid
JOIN pg_namespace t3 ON c.connamespace = t3.oid
WHERE c.contype = 'f'
  AND t1.relname = 'galleries'
  AND t3.nspname = ANY (current_schemas(false))
ORDER BY c.conname
[0m
  [1m[35m (4.9ms)[0m  [1m[34mSELECT t2.oid::regclass::text AS to_table, a1.attname AS column, a2.attname AS primary_key, c.conname AS name, c.confupdtype AS on_update, c.confdeltype AS on_delete
FROM pg_constraint c
JOIN pg_class t1 ON c.conrelid = t1.oid
JOIN pg_class t2 ON c.confrelid = t2.oid
JOIN pg_attribute a1 ON a1.attnum = c.conkey[1] AND a1.attrelid = t1.oid
JOIN pg_attribute a2 ON a2.attnum = c.confkey[1] AND a2.attrelid = t2.oid
JOIN pg_namespace t3 ON c.connamespace = t3.oid
WHERE c.contype = 'f'
  AND t1.relname = 'paintings'
  AND t3.nspname = ANY (current_schemas(false))
ORDER BY c.conname
[0m
